        -:    0:Source:C:/Users/bro_b/CLionProjects/OOP_lab4/Tests.cpp
        -:    0:Graph:C:\Users\bro_b\CLionProjects\OOP_lab4\cmake-build-debug-coverage\CMakeFiles\OOP_lab4.dir\Tests.cpp.gcno
        -:    0:Data:C:\Users\bro_b\CLionProjects\OOP_lab4\cmake-build-debug-coverage\CMakeFiles\OOP_lab4.dir\Tests.cpp.gcda
        -:    0:Runs:1
        -:    1:#include "Tests.h"
        -:    2:#include "errors.h"
        -:    3:#include <cassert>
        -:    4:#include <sstream>
        -:    5:
        -:    6://
        -:    7:// Created by bro_b on 4/5/2023.
        -:    8://
function _Z10testDomainv called 1 returned 100% blocks executed 46%
        1:    9:void testDomain(){
        1:   10:    Tutorial tutorial;
        1:   10-block  0
call    0 returned 1
branch  1 taken 1 (fallthrough)
branch  2 taken 0 (throw)
       1*:   11:    assert(tutorial.getTitle() == "");
        1:   11-block  0
call    0 returned 1
branch  1 taken 1 (fallthrough)
branch  2 taken 0 (throw)
        1:   11-block  1
call    3 returned 1
branch  4 taken 0 (fallthrough)
branch  5 taken 1
    %%%%%:   11-block  2
call    6 never executed
branch  7 never executed
branch  8 never executed
        1:   11-block  3
    %%%%%:   11-block  4
        1:   11-block  5
branch  9 taken 1 (fallthrough)
branch 10 taken 0
        1:   11-block  6
call   11 returned 1
    $$$$$:   11-block  7
branch 12 never executed
branch 13 never executed
    $$$$$:   11-block  8
call   14 never executed
    $$$$$:   11-block  9
       1*:   12:    assert(tutorial.getPresenter() == "");
        1:   12-block  0
call    0 returned 1
branch  1 taken 1 (fallthrough)
branch  2 taken 0 (throw)
        1:   12-block  1
call    3 returned 1
branch  4 taken 0 (fallthrough)
branch  5 taken 1
    %%%%%:   12-block  2
call    6 never executed
branch  7 never executed
branch  8 never executed
        1:   12-block  3
    %%%%%:   12-block  4
        1:   12-block  5
branch  9 taken 1 (fallthrough)
branch 10 taken 0
        1:   12-block  6
call   11 returned 1
    $$$$$:   12-block  7
branch 12 never executed
branch 13 never executed
    $$$$$:   12-block  8
call   14 never executed
    $$$$$:   12-block  9
       1*:   13:    assert(tutorial.getDuration() == "");
        1:   13-block  0
call    0 returned 1
branch  1 taken 1 (fallthrough)
branch  2 taken 0 (throw)
        1:   13-block  1
call    3 returned 1
branch  4 taken 0 (fallthrough)
branch  5 taken 1
    %%%%%:   13-block  2
call    6 never executed
branch  7 never executed
branch  8 never executed
        1:   13-block  3
    %%%%%:   13-block  4
        1:   13-block  5
branch  9 taken 1 (fallthrough)
branch 10 taken 0
        1:   13-block  6
call   11 returned 1
    $$$$$:   13-block  7
branch 12 never executed
branch 13 never executed
    $$$$$:   13-block  8
call   14 never executed
    $$$$$:   13-block  9
       1*:   14:    assert(tutorial.getLike() == 0);
        1:   14-block  0
call    0 returned 1
branch  1 taken 1 (fallthrough)
branch  2 taken 0 (throw)
        1:   14-block  1
branch  3 taken 0 (fallthrough)
branch  4 taken 1
    %%%%%:   14-block  2
call    5 never executed
branch  6 never executed
branch  7 never executed
        1:   14-block  3
    %%%%%:   14-block  4
       1*:   15:    assert(tutorial.getLink() == "");
        1:   15-block  0
call    0 returned 1
branch  1 taken 1 (fallthrough)
branch  2 taken 0 (throw)
        1:   15-block  1
call    3 returned 1
branch  4 taken 0 (fallthrough)
branch  5 taken 1
    %%%%%:   15-block  2
call    6 never executed
branch  7 never executed
branch  8 never executed
        1:   15-block  3
    %%%%%:   15-block  4
        1:   15-block  5
branch  9 taken 1 (fallthrough)
branch 10 taken 0
        1:   15-block  6
call   11 returned 1
    $$$$$:   15-block  7
branch 12 never executed
branch 13 never executed
    $$$$$:   15-block  8
call   14 never executed
    $$$$$:   15-block  9
        2:   16:    Tutorial t("Title", "Presenter", "Duration", 5, "Link");
        1:   16-block  0
call    0 returned 1
call    1 returned 1
branch  2 taken 1 (fallthrough)
branch  3 taken 0 (throw)
        1:   16-block  1
call    4 returned 1
call    5 returned 1
branch  6 taken 1 (fallthrough)
branch  7 taken 0 (throw)
        1:   16-block  2
call    8 returned 1
call    9 returned 1
branch 10 taken 1 (fallthrough)
branch 11 taken 0 (throw)
        1:   16-block  3
call   12 returned 1
call   13 returned 1
branch 14 taken 1 (fallthrough)
branch 15 taken 0 (throw)
        1:   16-block  4
call   16 returned 1
branch 17 taken 1 (fallthrough)
branch 18 taken 0 (throw)
call   19 returned 1
call   20 returned 1
call   21 returned 1
call   22 returned 1
call   23 returned 1
call   24 returned 1
call   25 returned 1
    $$$$$:   16-block  5
    $$$$$:   16-block  6
    $$$$$:   16-block  7
    $$$$$:   16-block  8
    $$$$$:   16-block  9
    $$$$$:   16-block 10
    $$$$$:   16-block 11
    $$$$$:   16-block 12
    $$$$$:   16-block 13
       1*:   17:    assert(t.getTitle() == "Title");
call    0 returned 1
branch  1 taken 1 (fallthrough)
branch  2 taken 0 (throw)
        1:   17-block  0
call    3 returned 1
branch  4 taken 0 (fallthrough)
branch  5 taken 1
    %%%%%:   17-block  1
call    6 never executed
branch  7 never executed
branch  8 never executed
        1:   17-block  2
    %%%%%:   17-block  3
        1:   17-block  4
branch  9 taken 1 (fallthrough)
branch 10 taken 0
        1:   17-block  5
call   11 returned 1
    $$$$$:   17-block  6
branch 12 never executed
branch 13 never executed
    $$$$$:   17-block  7
call   14 never executed
    $$$$$:   17-block  8
       1*:   18:    assert(t.getPresenter() == "Presenter");
        1:   18-block  0
call    0 returned 1
branch  1 taken 1 (fallthrough)
branch  2 taken 0 (throw)
        1:   18-block  1
call    3 returned 1
branch  4 taken 0 (fallthrough)
branch  5 taken 1
    %%%%%:   18-block  2
call    6 never executed
branch  7 never executed
branch  8 never executed
        1:   18-block  3
    %%%%%:   18-block  4
        1:   18-block  5
branch  9 taken 1 (fallthrough)
branch 10 taken 0
        1:   18-block  6
call   11 returned 1
    $$$$$:   18-block  7
branch 12 never executed
branch 13 never executed
    $$$$$:   18-block  8
call   14 never executed
    $$$$$:   18-block  9
       1*:   19:    assert(t.getDuration() == "Duration");
        1:   19-block  0
call    0 returned 1
branch  1 taken 1 (fallthrough)
branch  2 taken 0 (throw)
        1:   19-block  1
call    3 returned 1
branch  4 taken 0 (fallthrough)
branch  5 taken 1
    %%%%%:   19-block  2
call    6 never executed
branch  7 never executed
branch  8 never executed
        1:   19-block  3
    %%%%%:   19-block  4
        1:   19-block  5
branch  9 taken 1 (fallthrough)
branch 10 taken 0
        1:   19-block  6
call   11 returned 1
    $$$$$:   19-block  7
branch 12 never executed
branch 13 never executed
    $$$$$:   19-block  8
call   14 never executed
    $$$$$:   19-block  9
       1*:   20:    assert(t.getLike() == 5);
        1:   20-block  0
call    0 returned 1
branch  1 taken 1 (fallthrough)
branch  2 taken 0 (throw)
        1:   20-block  1
branch  3 taken 0 (fallthrough)
branch  4 taken 1
    %%%%%:   20-block  2
call    5 never executed
branch  6 never executed
branch  7 never executed
        1:   20-block  3
    %%%%%:   20-block  4
       1*:   21:    assert(t.getLink() == "Link");
        1:   21-block  0
call    0 returned 1
branch  1 taken 1 (fallthrough)
branch  2 taken 0 (throw)
        1:   21-block  1
call    3 returned 1
branch  4 taken 0 (fallthrough)
branch  5 taken 1
    %%%%%:   21-block  2
call    6 never executed
branch  7 never executed
branch  8 never executed
        1:   21-block  3
    %%%%%:   21-block  4
        1:   21-block  5
branch  9 taken 1 (fallthrough)
branch 10 taken 0
        1:   21-block  6
call   11 returned 1
    $$$$$:   21-block  7
branch 12 never executed
branch 13 never executed
    $$$$$:   21-block  8
call   14 never executed
    $$$$$:   21-block  9
        2:   22:    Tutorial tutorial1("Title", "Presenter", "Duration", 5, "Link");
        1:   22-block  0
call    0 returned 1
call    1 returned 1
branch  2 taken 1 (fallthrough)
branch  3 taken 0 (throw)
        1:   22-block  1
call    4 returned 1
call    5 returned 1
branch  6 taken 1 (fallthrough)
branch  7 taken 0 (throw)
        1:   22-block  2
call    8 returned 1
call    9 returned 1
branch 10 taken 1 (fallthrough)
branch 11 taken 0 (throw)
        1:   22-block  3
call   12 returned 1
call   13 returned 1
branch 14 taken 1 (fallthrough)
branch 15 taken 0 (throw)
        1:   22-block  4
call   16 returned 1
branch 17 taken 1 (fallthrough)
branch 18 taken 0 (throw)
call   19 returned 1
call   20 returned 1
call   21 returned 1
call   22 returned 1
call   23 returned 1
call   24 returned 1
call   25 returned 1
    $$$$$:   22-block  5
    $$$$$:   22-block  6
    $$$$$:   22-block  7
    $$$$$:   22-block  8
    $$$$$:   22-block  9
    $$$$$:   22-block 10
    $$$$$:   22-block 11
    $$$$$:   22-block 12
    $$$$$:   22-block 13
        1:   23:    Tutorial tutorial2(tutorial1);
call    0 returned 1
branch  1 taken 1 (fallthrough)
branch  2 taken 0 (throw)
       1*:   24:    assert(tutorial2.getTitle() == "Title");
        1:   24-block  0
call    0 returned 1
branch  1 taken 1 (fallthrough)
branch  2 taken 0 (throw)
        1:   24-block  1
call    3 returned 1
branch  4 taken 0 (fallthrough)
branch  5 taken 1
    %%%%%:   24-block  2
call    6 never executed
branch  7 never executed
branch  8 never executed
        1:   24-block  3
    %%%%%:   24-block  4
        1:   24-block  5
branch  9 taken 1 (fallthrough)
branch 10 taken 0
        1:   24-block  6
call   11 returned 1
    $$$$$:   24-block  7
branch 12 never executed
branch 13 never executed
    $$$$$:   24-block  8
call   14 never executed
    $$$$$:   24-block  9
       1*:   25:    assert(tutorial2.getPresenter() == "Presenter");
        1:   25-block  0
call    0 returned 1
branch  1 taken 1 (fallthrough)
branch  2 taken 0 (throw)
        1:   25-block  1
call    3 returned 1
branch  4 taken 0 (fallthrough)
branch  5 taken 1
    %%%%%:   25-block  2
call    6 never executed
branch  7 never executed
branch  8 never executed
        1:   25-block  3
    %%%%%:   25-block  4
        1:   25-block  5
branch  9 taken 1 (fallthrough)
branch 10 taken 0
        1:   25-block  6
call   11 returned 1
    $$$$$:   25-block  7
branch 12 never executed
branch 13 never executed
    $$$$$:   25-block  8
call   14 never executed
    $$$$$:   25-block  9
       1*:   26:    assert(tutorial2.getDuration() == "Duration");
        1:   26-block  0
call    0 returned 1
branch  1 taken 1 (fallthrough)
branch  2 taken 0 (throw)
        1:   26-block  1
call    3 returned 1
branch  4 taken 0 (fallthrough)
branch  5 taken 1
    %%%%%:   26-block  2
call    6 never executed
branch  7 never executed
branch  8 never executed
        1:   26-block  3
    %%%%%:   26-block  4
        1:   26-block  5
branch  9 taken 1 (fallthrough)
branch 10 taken 0
        1:   26-block  6
call   11 returned 1
    $$$$$:   26-block  7
branch 12 never executed
branch 13 never executed
    $$$$$:   26-block  8
call   14 never executed
    $$$$$:   26-block  9
       1*:   27:    assert(tutorial2.getLike() == 5);
        1:   27-block  0
call    0 returned 1
branch  1 taken 1 (fallthrough)
branch  2 taken 0 (throw)
        1:   27-block  1
branch  3 taken 0 (fallthrough)
branch  4 taken 1
    %%%%%:   27-block  2
call    5 never executed
branch  6 never executed
branch  7 never executed
        1:   27-block  3
    %%%%%:   27-block  4
       1*:   28:    assert(tutorial2.getLink() == "Link");
        1:   28-block  0
call    0 returned 1
branch  1 taken 1 (fallthrough)
branch  2 taken 0 (throw)
        1:   28-block  1
call    3 returned 1
branch  4 taken 0 (fallthrough)
branch  5 taken 1
    %%%%%:   28-block  2
call    6 never executed
branch  7 never executed
branch  8 never executed
        1:   28-block  3
    %%%%%:   28-block  4
        1:   28-block  5
branch  9 taken 1 (fallthrough)
branch 10 taken 0
        1:   28-block  6
call   11 returned 1
    $$$$$:   28-block  7
branch 12 never executed
branch 13 never executed
    $$$$$:   28-block  8
call   14 never executed
    $$$$$:   28-block  9
        1:   29:    tutorial.setTitle("Title");
        1:   29-block  0
call    0 returned 1
call    1 returned 1
branch  2 taken 1 (fallthrough)
branch  3 taken 0 (throw)
        1:   29-block  1
call    4 returned 1
branch  5 taken 1 (fallthrough)
branch  6 taken 0 (throw)
        1:   29-block  2
call    7 returned 1
call    8 returned 1
    $$$$$:   29-block  3
call    9 never executed
    $$$$$:   29-block  4
    $$$$$:   29-block  5
call   10 never executed
    $$$$$:   29-block  6
        1:   30:    tutorial.setPresenter("Presenter");
call    0 returned 1
call    1 returned 1
branch  2 taken 1 (fallthrough)
branch  3 taken 0 (throw)
        1:   30-block  0
call    4 returned 1
branch  5 taken 1 (fallthrough)
branch  6 taken 0 (throw)
        1:   30-block  1
call    7 returned 1
call    8 returned 1
    $$$$$:   30-block  2
call    9 never executed
    $$$$$:   30-block  3
    $$$$$:   30-block  4
call   10 never executed
    $$$$$:   30-block  5
        1:   31:    tutorial.setDuration("Duration");
call    0 returned 1
call    1 returned 1
branch  2 taken 1 (fallthrough)
branch  3 taken 0 (throw)
        1:   31-block  0
call    4 returned 1
branch  5 taken 1 (fallthrough)
branch  6 taken 0 (throw)
        1:   31-block  1
call    7 returned 1
call    8 returned 1
    $$$$$:   31-block  2
call    9 never executed
    $$$$$:   31-block  3
    $$$$$:   31-block  4
call   10 never executed
    $$$$$:   31-block  5
        1:   32:    tutorial.setLike(5);
call    0 returned 1
branch  1 taken 1 (fallthrough)
branch  2 taken 0 (throw)
        1:   33:    tutorial.setLink("Link");
        1:   33-block  0
call    0 returned 1
call    1 returned 1
branch  2 taken 1 (fallthrough)
branch  3 taken 0 (throw)
        1:   33-block  1
call    4 returned 1
branch  5 taken 1 (fallthrough)
branch  6 taken 0 (throw)
        1:   33-block  2
call    7 returned 1
call    8 returned 1
    $$$$$:   33-block  3
call    9 never executed
    $$$$$:   33-block  4
    $$$$$:   33-block  5
call   10 never executed
    $$$$$:   33-block  6
       1*:   34:    assert(tutorial.getTitle() == "Title");
call    0 returned 1
branch  1 taken 1 (fallthrough)
branch  2 taken 0 (throw)
        1:   34-block  0
call    3 returned 1
branch  4 taken 0 (fallthrough)
branch  5 taken 1
    %%%%%:   34-block  1
call    6 never executed
branch  7 never executed
branch  8 never executed
        1:   34-block  2
    %%%%%:   34-block  3
        1:   34-block  4
branch  9 taken 1 (fallthrough)
branch 10 taken 0
        1:   34-block  5
call   11 returned 1
    $$$$$:   34-block  6
branch 12 never executed
branch 13 never executed
    $$$$$:   34-block  7
call   14 never executed
    $$$$$:   34-block  8
       1*:   35:    assert(tutorial.getPresenter() == "Presenter");
        1:   35-block  0
call    0 returned 1
branch  1 taken 1 (fallthrough)
branch  2 taken 0 (throw)
        1:   35-block  1
call    3 returned 1
branch  4 taken 0 (fallthrough)
branch  5 taken 1
    %%%%%:   35-block  2
call    6 never executed
branch  7 never executed
branch  8 never executed
        1:   35-block  3
    %%%%%:   35-block  4
        1:   35-block  5
branch  9 taken 1 (fallthrough)
branch 10 taken 0
        1:   35-block  6
call   11 returned 1
    $$$$$:   35-block  7
branch 12 never executed
branch 13 never executed
    $$$$$:   35-block  8
call   14 never executed
    $$$$$:   35-block  9
       1*:   36:    assert(tutorial.getDuration() == "Duration");
        1:   36-block  0
call    0 returned 1
branch  1 taken 1 (fallthrough)
branch  2 taken 0 (throw)
        1:   36-block  1
call    3 returned 1
branch  4 taken 0 (fallthrough)
branch  5 taken 1
    %%%%%:   36-block  2
call    6 never executed
branch  7 never executed
branch  8 never executed
        1:   36-block  3
    %%%%%:   36-block  4
        1:   36-block  5
branch  9 taken 1 (fallthrough)
branch 10 taken 0
        1:   36-block  6
call   11 returned 1
    $$$$$:   36-block  7
branch 12 never executed
branch 13 never executed
    $$$$$:   36-block  8
call   14 never executed
    $$$$$:   36-block  9
       1*:   37:    assert(tutorial.getLike() == 5);
        1:   37-block  0
call    0 returned 1
branch  1 taken 1 (fallthrough)
branch  2 taken 0 (throw)
        1:   37-block  1
branch  3 taken 0 (fallthrough)
branch  4 taken 1
    %%%%%:   37-block  2
call    5 never executed
branch  6 never executed
branch  7 never executed
        1:   37-block  3
    %%%%%:   37-block  4
       1*:   38:    assert(tutorial.getLink() == "Link");
        1:   38-block  0
call    0 returned 1
branch  1 taken 1 (fallthrough)
branch  2 taken 0 (throw)
        1:   38-block  1
call    3 returned 1
branch  4 taken 0 (fallthrough)
branch  5 taken 1
    %%%%%:   38-block  2
call    6 never executed
branch  7 never executed
branch  8 never executed
        1:   38-block  3
    %%%%%:   38-block  4
        1:   38-block  5
branch  9 taken 1 (fallthrough)
branch 10 taken 0
        1:   38-block  6
call   11 returned 1
    $$$$$:   38-block  7
branch 12 never executed
branch 13 never executed
    $$$$$:   38-block  8
call   14 never executed
    $$$$$:   38-block  9
        2:   39:    Tutorial tutoria("Title", "Presenter", "Duration", 5, "Link");
        1:   39-block  0
call    0 returned 1
call    1 returned 1
branch  2 taken 1 (fallthrough)
branch  3 taken 0 (throw)
        1:   39-block  1
call    4 returned 1
call    5 returned 1
branch  6 taken 1 (fallthrough)
branch  7 taken 0 (throw)
        1:   39-block  2
call    8 returned 1
call    9 returned 1
branch 10 taken 1 (fallthrough)
branch 11 taken 0 (throw)
        1:   39-block  3
call   12 returned 1
call   13 returned 1
branch 14 taken 1 (fallthrough)
branch 15 taken 0 (throw)
        1:   39-block  4
call   16 returned 1
branch 17 taken 1 (fallthrough)
branch 18 taken 0 (throw)
call   19 returned 1
call   20 returned 1
call   21 returned 1
call   22 returned 1
call   23 returned 1
call   24 returned 1
call   25 returned 1
    $$$$$:   39-block  5
    $$$$$:   39-block  6
    $$$$$:   39-block  7
    $$$$$:   39-block  8
    $$$$$:   39-block  9
    $$$$$:   39-block 10
    $$$$$:   39-block 11
    $$$$$:   39-block 12
    $$$$$:   39-block 13
       1*:   40:    assert(tutoria.toString() == "Title: Title | Presenter: Presenter | Duration: Duration | Likes: 5 | Link: Link");
call    0 returned 1
branch  1 taken 1 (fallthrough)
branch  2 taken 0 (throw)
        1:   40-block  0
call    3 returned 1
branch  4 taken 0 (fallthrough)
branch  5 taken 1
    %%%%%:   40-block  1
call    6 never executed
branch  7 never executed
branch  8 never executed
        1:   40-block  2
    %%%%%:   40-block  3
        1:   40-block  4
branch  9 taken 1 (fallthrough)
branch 10 taken 0
        1:   40-block  5
call   11 returned 1
    $$$$$:   40-block  6
branch 12 never executed
branch 13 never executed
    $$$$$:   40-block  7
call   14 never executed
    $$$$$:   40-block  8
        2:   41:    Tutorial tutorial11("Title", "Presenter", "Duration", 5, "Link");
        1:   41-block  0
call    0 returned 1
call    1 returned 1
branch  2 taken 1 (fallthrough)
branch  3 taken 0 (throw)
        1:   41-block  1
call    4 returned 1
call    5 returned 1
branch  6 taken 1 (fallthrough)
branch  7 taken 0 (throw)
        1:   41-block  2
call    8 returned 1
call    9 returned 1
branch 10 taken 1 (fallthrough)
branch 11 taken 0 (throw)
        1:   41-block  3
call   12 returned 1
call   13 returned 1
branch 14 taken 1 (fallthrough)
branch 15 taken 0 (throw)
        1:   41-block  4
call   16 returned 1
branch 17 taken 1 (fallthrough)
branch 18 taken 0 (throw)
call   19 returned 1
call   20 returned 1
call   21 returned 1
call   22 returned 1
call   23 returned 1
call   24 returned 1
call   25 returned 1
    $$$$$:   41-block  5
    $$$$$:   41-block  6
    $$$$$:   41-block  7
    $$$$$:   41-block  8
    $$$$$:   41-block  9
    $$$$$:   41-block 10
    $$$$$:   41-block 11
    $$$$$:   41-block 12
    $$$$$:   41-block 13
        1:   42:    Tutorial tutorial21;
call    0 returned 1
branch  1 taken 1 (fallthrough)
branch  2 taken 0 (throw)
        1:   43:    tutorial21 = tutorial11;
        1:   43-block  0
call    0 returned 1
branch  1 taken 1 (fallthrough)
branch  2 taken 0 (throw)
       1*:   44:    assert(tutorial21.getTitle() == "Title");
        1:   44-block  0
call    0 returned 1
branch  1 taken 1 (fallthrough)
branch  2 taken 0 (throw)
        1:   44-block  1
call    3 returned 1
branch  4 taken 0 (fallthrough)
branch  5 taken 1
    %%%%%:   44-block  2
call    6 never executed
branch  7 never executed
branch  8 never executed
        1:   44-block  3
    %%%%%:   44-block  4
        1:   44-block  5
branch  9 taken 1 (fallthrough)
branch 10 taken 0
        1:   44-block  6
call   11 returned 1
    $$$$$:   44-block  7
branch 12 never executed
branch 13 never executed
    $$$$$:   44-block  8
call   14 never executed
    $$$$$:   44-block  9
       1*:   45:    assert(tutorial21.getPresenter() == "Presenter");
        1:   45-block  0
call    0 returned 1
branch  1 taken 1 (fallthrough)
branch  2 taken 0 (throw)
        1:   45-block  1
call    3 returned 1
branch  4 taken 0 (fallthrough)
branch  5 taken 1
    %%%%%:   45-block  2
call    6 never executed
branch  7 never executed
branch  8 never executed
        1:   45-block  3
    %%%%%:   45-block  4
        1:   45-block  5
branch  9 taken 1 (fallthrough)
branch 10 taken 0
        1:   45-block  6
call   11 returned 1
    $$$$$:   45-block  7
branch 12 never executed
branch 13 never executed
    $$$$$:   45-block  8
call   14 never executed
    $$$$$:   45-block  9
       1*:   46:    assert(tutorial21.getDuration() == "Duration");
        1:   46-block  0
call    0 returned 1
branch  1 taken 1 (fallthrough)
branch  2 taken 0 (throw)
        1:   46-block  1
call    3 returned 1
branch  4 taken 0 (fallthrough)
branch  5 taken 1
    %%%%%:   46-block  2
call    6 never executed
branch  7 never executed
branch  8 never executed
        1:   46-block  3
    %%%%%:   46-block  4
        1:   46-block  5
branch  9 taken 1 (fallthrough)
branch 10 taken 0
        1:   46-block  6
call   11 returned 1
    $$$$$:   46-block  7
branch 12 never executed
branch 13 never executed
    $$$$$:   46-block  8
call   14 never executed
    $$$$$:   46-block  9
       1*:   47:    assert(tutorial21.getLike() == 5);
        1:   47-block  0
call    0 returned 1
branch  1 taken 1 (fallthrough)
branch  2 taken 0 (throw)
        1:   47-block  1
branch  3 taken 0 (fallthrough)
branch  4 taken 1
    %%%%%:   47-block  2
call    5 never executed
branch  6 never executed
branch  7 never executed
        1:   47-block  3
    %%%%%:   47-block  4
       1*:   48:    assert(tutorial21.getLink() == "Link");
        1:   48-block  0
call    0 returned 1
branch  1 taken 1 (fallthrough)
branch  2 taken 0 (throw)
        1:   48-block  1
call    3 returned 1
branch  4 taken 0 (fallthrough)
branch  5 taken 1
    %%%%%:   48-block  2
call    6 never executed
branch  7 never executed
branch  8 never executed
        1:   48-block  3
    %%%%%:   48-block  4
        1:   48-block  5
branch  9 taken 1 (fallthrough)
branch 10 taken 0
        1:   48-block  6
call   11 returned 1
    $$$$$:   48-block  7
branch 12 never executed
branch 13 never executed
    $$$$$:   48-block  8
call   14 never executed
    $$$$$:   48-block  9
        2:   49:    Tutorial tutorial12("Title", "Presenter", "Duration", 5, "Link");
        1:   49-block  0
call    0 returned 1
call    1 returned 1
branch  2 taken 1 (fallthrough)
branch  3 taken 0 (throw)
        1:   49-block  1
call    4 returned 1
call    5 returned 1
branch  6 taken 1 (fallthrough)
branch  7 taken 0 (throw)
        1:   49-block  2
call    8 returned 1
call    9 returned 1
branch 10 taken 1 (fallthrough)
branch 11 taken 0 (throw)
        1:   49-block  3
call   12 returned 1
call   13 returned 1
branch 14 taken 1 (fallthrough)
branch 15 taken 0 (throw)
        1:   49-block  4
call   16 returned 1
branch 17 taken 1 (fallthrough)
branch 18 taken 0 (throw)
call   19 returned 1
call   20 returned 1
call   21 returned 1
call   22 returned 1
call   23 returned 1
call   24 returned 1
call   25 returned 1
    $$$$$:   49-block  5
    $$$$$:   49-block  6
    $$$$$:   49-block  7
    $$$$$:   49-block  8
    $$$$$:   49-block  9
    $$$$$:   49-block 10
    $$$$$:   49-block 11
    $$$$$:   49-block 12
    $$$$$:   49-block 13
        2:   50:    Tutorial tutorial22("Title", "Presenter2", "Duration2", 2, "Link2");
call    0 returned 1
call    1 returned 1
branch  2 taken 1 (fallthrough)
branch  3 taken 0 (throw)
        1:   50-block  0
call    4 returned 1
call    5 returned 1
branch  6 taken 1 (fallthrough)
branch  7 taken 0 (throw)
        1:   50-block  1
call    8 returned 1
call    9 returned 1
branch 10 taken 1 (fallthrough)
branch 11 taken 0 (throw)
        1:   50-block  2
call   12 returned 1
call   13 returned 1
branch 14 taken 1 (fallthrough)
branch 15 taken 0 (throw)
        1:   50-block  3
call   16 returned 1
branch 17 taken 1 (fallthrough)
branch 18 taken 0 (throw)
call   19 returned 1
call   20 returned 1
call   21 returned 1
call   22 returned 1
call   23 returned 1
call   24 returned 1
call   25 returned 1
    $$$$$:   50-block  4
    $$$$$:   50-block  5
    $$$$$:   50-block  6
    $$$$$:   50-block  7
    $$$$$:   50-block  8
    $$$$$:   50-block  9
    $$$$$:   50-block 10
    $$$$$:   50-block 11
    $$$$$:   50-block 12
       1*:   51:    assert(tutorial12 == tutorial22);
call    0 returned 1
branch  1 taken 1 (fallthrough)
branch  2 taken 0 (throw)
        1:   51-block  0
branch  3 taken 0 (fallthrough)
branch  4 taken 1
    %%%%%:   51-block  1
call    5 never executed
branch  6 never executed
branch  7 never executed
        1:   51-block  2
    %%%%%:   51-block  3
        1:   52:    tutorial22.setTitle("Title2");
        1:   52-block  0
call    0 returned 1
call    1 returned 1
branch  2 taken 1 (fallthrough)
branch  3 taken 0 (throw)
        1:   52-block  1
call    4 returned 1
branch  5 taken 1 (fallthrough)
branch  6 taken 0 (throw)
        1:   52-block  2
call    7 returned 1
call    8 returned 1
    $$$$$:   52-block  3
call    9 never executed
    $$$$$:   52-block  4
    $$$$$:   52-block  5
call   10 never executed
    $$$$$:   52-block  6
       1*:   53:    assert(!(tutorial12 == tutorial22));
call    0 returned 1
branch  1 taken 1 (fallthrough)
branch  2 taken 0 (throw)
        1:   53-block  0
branch  3 taken 0 (fallthrough)
branch  4 taken 1
    %%%%%:   53-block  1
call    5 never executed
branch  6 never executed
branch  7 never executed
        1:   53-block  2
    %%%%%:   53-block  3
        2:   54:    Tutorial tutorial13("Title", "Presenter", "Duration", 5, "Link");
        1:   54-block  0
call    0 returned 1
call    1 returned 1
branch  2 taken 1 (fallthrough)
branch  3 taken 0 (throw)
        1:   54-block  1
call    4 returned 1
call    5 returned 1
branch  6 taken 1 (fallthrough)
branch  7 taken 0 (throw)
        1:   54-block  2
call    8 returned 1
call    9 returned 1
branch 10 taken 1 (fallthrough)
branch 11 taken 0 (throw)
        1:   54-block  3
call   12 returned 1
call   13 returned 1
branch 14 taken 1 (fallthrough)
branch 15 taken 0 (throw)
        1:   54-block  4
call   16 returned 1
branch 17 taken 1 (fallthrough)
branch 18 taken 0 (throw)
call   19 returned 1
call   20 returned 1
call   21 returned 1
call   22 returned 1
call   23 returned 1
call   24 returned 1
call   25 returned 1
    $$$$$:   54-block  5
    $$$$$:   54-block  6
    $$$$$:   54-block  7
    $$$$$:   54-block  8
    $$$$$:   54-block  9
    $$$$$:   54-block 10
    $$$$$:   54-block 11
    $$$$$:   54-block 12
    $$$$$:   54-block 13
        1:   55:    std::stringstream ss;
call    0 returned 1
branch  1 taken 1 (fallthrough)
branch  2 taken 0 (throw)
        1:   56:    ss << tutorial1;
        1:   56-block  0
call    0 returned 1
branch  1 taken 1 (fallthrough)
branch  2 taken 0 (throw)
        1:   57:    Tutorial tutorial23;
        1:   57-block  0
call    0 returned 1
branch  1 taken 1 (fallthrough)
branch  2 taken 0 (throw)
        1:   58:    ss >> tutorial23;
        1:   58-block  0
call    0 returned 1
branch  1 taken 1 (fallthrough)
branch  2 taken 0 (throw)
       1*:   59:    assert(tutorial13 == tutorial23);
        1:   59-block  0
call    0 returned 1
branch  1 taken 1 (fallthrough)
branch  2 taken 0 (throw)
        1:   59-block  1
branch  3 taken 0 (fallthrough)
branch  4 taken 1
    %%%%%:   59-block  2
call    5 never executed
branch  6 never executed
branch  7 never executed
        1:   59-block  3
    %%%%%:   59-block  4
        -:   60:
        1:   61:}
        1:   61-block  0
call    0 returned 1
call    1 returned 1
call    2 returned 1
call    3 returned 1
call    4 returned 1
call    5 returned 1
call    6 returned 1
call    7 returned 1
call    8 returned 1
call    9 returned 1
call   10 returned 1
call   11 returned 1
    $$$$$:   61-block  1
call   12 never executed
    $$$$$:   61-block  2
call   13 never executed
    $$$$$:   61-block  3
call   14 never executed
    $$$$$:   61-block  4
call   15 never executed
    $$$$$:   61-block  5
call   16 never executed
    $$$$$:   61-block  6
call   17 never executed
    $$$$$:   61-block  7
call   18 never executed
    $$$$$:   61-block  8
call   19 never executed
    $$$$$:   61-block  9
call   20 never executed
    $$$$$:   61-block 10
call   21 never executed
    $$$$$:   61-block 11
call   22 never executed
    $$$$$:   61-block 12
call   23 never executed
function _Z16testDynamicArrayv called 1 returned 100% blocks executed 61%
        1:   62:void testDynamicArray(){
        -:   63:    // Create a dynamic array of integers with initial capacity of 5
        1:   64:    DynamicArray<int> arr(5);
        1:   64-block  0
call    0 returned 1
branch  1 taken 1 (fallthrough)
branch  2 taken 0 (throw)
        -:   65:
        -:   66:    // Test the addElement method
        1:   67:    arr.addElement(1);
        1:   67-block  0
call    0 returned 1
branch  1 taken 1 (fallthrough)
branch  2 taken 0 (throw)
        1:   68:    arr.addElement(2);
        1:   68-block  0
call    0 returned 1
branch  1 taken 1 (fallthrough)
branch  2 taken 0 (throw)
       1*:   69:    assert(arr.lengthGetter() == 2);
        1:   69-block  0
call    0 returned 1
branch  1 taken 0 (fallthrough)
branch  2 taken 1
    %%%%%:   69-block  1
call    3 never executed
branch  4 never executed
branch  5 never executed
        1:   69-block  2
    %%%%%:   69-block  3
       1*:   70:    assert(arr.capacityGetter() == 5);
        1:   70-block  0
call    0 returned 1
branch  1 taken 0 (fallthrough)
branch  2 taken 1
    %%%%%:   70-block  1
call    3 never executed
branch  4 never executed
branch  5 never executed
        1:   70-block  2
    %%%%%:   70-block  3
        -:   71:
        1:   72:    arr.addElement(3);
        1:   72-block  0
call    0 returned 1
branch  1 taken 1 (fallthrough)
branch  2 taken 0 (throw)
        1:   73:    arr.addElement(4);
        1:   73-block  0
call    0 returned 1
branch  1 taken 1 (fallthrough)
branch  2 taken 0 (throw)
        1:   74:    arr.addElement(5);
        1:   74-block  0
call    0 returned 1
branch  1 taken 1 (fallthrough)
branch  2 taken 0 (throw)
       1*:   75:    assert(arr.lengthGetter() == 5);
        1:   75-block  0
call    0 returned 1
branch  1 taken 0 (fallthrough)
branch  2 taken 1
    %%%%%:   75-block  1
call    3 never executed
branch  4 never executed
branch  5 never executed
        1:   75-block  2
    %%%%%:   75-block  3
       1*:   76:    assert(arr.capacityGetter() == 5);
        1:   76-block  0
call    0 returned 1
branch  1 taken 0 (fallthrough)
branch  2 taken 1
    %%%%%:   76-block  1
call    3 never executed
branch  4 never executed
branch  5 never executed
        1:   76-block  2
    %%%%%:   76-block  3
        -:   77:
        1:   78:    arr.addElement(6);
        1:   78-block  0
call    0 returned 1
branch  1 taken 1 (fallthrough)
branch  2 taken 0 (throw)
       1*:   79:    assert(arr.lengthGetter() == 6);
        1:   79-block  0
call    0 returned 1
branch  1 taken 0 (fallthrough)
branch  2 taken 1
    %%%%%:   79-block  1
call    3 never executed
branch  4 never executed
branch  5 never executed
        1:   79-block  2
    %%%%%:   79-block  3
       1*:   80:    assert(arr.capacityGetter() == 10);
        1:   80-block  0
call    0 returned 1
branch  1 taken 0 (fallthrough)
branch  2 taken 1
    %%%%%:   80-block  1
call    3 never executed
branch  4 never executed
branch  5 never executed
        1:   80-block  2
    %%%%%:   80-block  3
        -:   81:
        -:   82:    // Test the operator[] method
       1*:   83:    assert(arr[0] == 1);
        1:   83-block  0
call    0 returned 1
branch  1 taken 0 (fallthrough)
branch  2 taken 1
    %%%%%:   83-block  1
call    3 never executed
branch  4 never executed
branch  5 never executed
        1:   83-block  2
    %%%%%:   83-block  3
       1*:   84:    assert(arr[1] == 2);
        1:   84-block  0
call    0 returned 1
branch  1 taken 0 (fallthrough)
branch  2 taken 1
    %%%%%:   84-block  1
call    3 never executed
branch  4 never executed
branch  5 never executed
        1:   84-block  2
    %%%%%:   84-block  3
       1*:   85:    assert(arr[2] == 3);
        1:   85-block  0
call    0 returned 1
branch  1 taken 0 (fallthrough)
branch  2 taken 1
    %%%%%:   85-block  1
call    3 never executed
branch  4 never executed
branch  5 never executed
        1:   85-block  2
    %%%%%:   85-block  3
       1*:   86:    assert(arr[3] == 4);
        1:   86-block  0
call    0 returned 1
branch  1 taken 0 (fallthrough)
branch  2 taken 1
    %%%%%:   86-block  1
call    3 never executed
branch  4 never executed
branch  5 never executed
        1:   86-block  2
    %%%%%:   86-block  3
       1*:   87:    assert(arr[4] == 5);
        1:   87-block  0
call    0 returned 1
branch  1 taken 0 (fallthrough)
branch  2 taken 1
    %%%%%:   87-block  1
call    3 never executed
branch  4 never executed
branch  5 never executed
        1:   87-block  2
    %%%%%:   87-block  3
       1*:   88:    assert(arr[5] == 6);
        1:   88-block  0
call    0 returned 1
branch  1 taken 0 (fallthrough)
branch  2 taken 1
    %%%%%:   88-block  1
call    3 never executed
branch  4 never executed
branch  5 never executed
        1:   88-block  2
    %%%%%:   88-block  3
        -:   89:
        -:   90:    // Test the deleteElement method
        1:   91:    arr.deleteElement(3);
        1:   91-block  0
call    0 returned 1
       1*:   92:    assert(arr.lengthGetter() == 5);
call    0 returned 1
branch  1 taken 0 (fallthrough)
branch  2 taken 1
    %%%%%:   92-block  0
call    3 never executed
branch  4 never executed
branch  5 never executed
        1:   92-block  1
    %%%%%:   92-block  2
       1*:   93:    assert(arr[0] == 1);
        1:   93-block  0
call    0 returned 1
branch  1 taken 0 (fallthrough)
branch  2 taken 1
    %%%%%:   93-block  1
call    3 never executed
branch  4 never executed
branch  5 never executed
        1:   93-block  2
    %%%%%:   93-block  3
       1*:   94:    assert(arr[1] == 2);
        1:   94-block  0
call    0 returned 1
branch  1 taken 0 (fallthrough)
branch  2 taken 1
    %%%%%:   94-block  1
call    3 never executed
branch  4 never executed
branch  5 never executed
        1:   94-block  2
    %%%%%:   94-block  3
       1*:   95:    assert(arr[2] == 3);
        1:   95-block  0
call    0 returned 1
branch  1 taken 0 (fallthrough)
branch  2 taken 1
    %%%%%:   95-block  1
call    3 never executed
branch  4 never executed
branch  5 never executed
        1:   95-block  2
    %%%%%:   95-block  3
       1*:   96:    assert(arr[3] == 5);
        1:   96-block  0
call    0 returned 1
branch  1 taken 0 (fallthrough)
branch  2 taken 1
    %%%%%:   96-block  1
call    3 never executed
branch  4 never executed
branch  5 never executed
        1:   96-block  2
    %%%%%:   96-block  3
       1*:   97:    assert(arr[4] == 6);
        1:   97-block  0
call    0 returned 1
branch  1 taken 0 (fallthrough)
branch  2 taken 1
    %%%%%:   97-block  1
call    3 never executed
branch  4 never executed
branch  5 never executed
        1:   97-block  2
    %%%%%:   97-block  3
        -:   98:
        1:   99:    arr.deleteElement(0);
        1:   99-block  0
call    0 returned 1
       1*:  100:    assert(arr.lengthGetter() == 4);
call    0 returned 1
branch  1 taken 0 (fallthrough)
branch  2 taken 1
    %%%%%:  100-block  0
call    3 never executed
branch  4 never executed
branch  5 never executed
        1:  100-block  1
    %%%%%:  100-block  2
       1*:  101:    assert(arr[0] == 2);
        1:  101-block  0
call    0 returned 1
branch  1 taken 0 (fallthrough)
branch  2 taken 1
    %%%%%:  101-block  1
call    3 never executed
branch  4 never executed
branch  5 never executed
        1:  101-block  2
    %%%%%:  101-block  3
       1*:  102:    assert(arr[1] == 3);
        1:  102-block  0
call    0 returned 1
branch  1 taken 0 (fallthrough)
branch  2 taken 1
    %%%%%:  102-block  1
call    3 never executed
branch  4 never executed
branch  5 never executed
        1:  102-block  2
    %%%%%:  102-block  3
       1*:  103:    assert(arr[2] == 5);
        1:  103-block  0
call    0 returned 1
branch  1 taken 0 (fallthrough)
branch  2 taken 1
    %%%%%:  103-block  1
call    3 never executed
branch  4 never executed
branch  5 never executed
        1:  103-block  2
    %%%%%:  103-block  3
       1*:  104:    assert(arr[3] == 6);
        1:  104-block  0
call    0 returned 1
branch  1 taken 0 (fallthrough)
branch  2 taken 1
    %%%%%:  104-block  1
call    3 never executed
branch  4 never executed
branch  5 never executed
        1:  104-block  2
    %%%%%:  104-block  3
        -:  105:
        1:  106:    arr.deleteElement(3);
        1:  106-block  0
call    0 returned 1
       1*:  107:    assert(arr.lengthGetter() == 3);
call    0 returned 1
branch  1 taken 0 (fallthrough)
branch  2 taken 1
    %%%%%:  107-block  0
call    3 never executed
branch  4 never executed
branch  5 never executed
        1:  107-block  1
    %%%%%:  107-block  2
       1*:  108:    assert(arr[0] == 2);
        1:  108-block  0
call    0 returned 1
branch  1 taken 0 (fallthrough)
branch  2 taken 1
    %%%%%:  108-block  1
call    3 never executed
branch  4 never executed
branch  5 never executed
        1:  108-block  2
    %%%%%:  108-block  3
       1*:  109:    assert(arr[1] == 3);
        1:  109-block  0
call    0 returned 1
branch  1 taken 0 (fallthrough)
branch  2 taken 1
    %%%%%:  109-block  1
call    3 never executed
branch  4 never executed
branch  5 never executed
        1:  109-block  2
    %%%%%:  109-block  3
       1*:  110:    assert(arr[2] == 5);
        1:  110-block  0
call    0 returned 1
branch  1 taken 0 (fallthrough)
branch  2 taken 1
    %%%%%:  110-block  1
call    3 never executed
branch  4 never executed
branch  5 never executed
        1:  110-block  2
    %%%%%:  110-block  3
        -:  111:
        -:  112:    // Test the copy constructor and assignment operator
        1:  113:    DynamicArray<int> arr2(arr);
        1:  113-block  0
call    0 returned 1
branch  1 taken 1 (fallthrough)
branch  2 taken 0 (throw)
       1*:  114:    assert(arr2.lengthGetter() == 3);
        1:  114-block  0
call    0 returned 1
branch  1 taken 0 (fallthrough)
branch  2 taken 1
    %%%%%:  114-block  1
call    3 never executed
branch  4 never executed
branch  5 never executed
        1:  114-block  2
    %%%%%:  114-block  3
       1*:  115:    assert(arr2[0] == 2);
        1:  115-block  0
call    0 returned 1
branch  1 taken 0 (fallthrough)
branch  2 taken 1
    %%%%%:  115-block  1
call    3 never executed
branch  4 never executed
branch  5 never executed
        1:  115-block  2
    %%%%%:  115-block  3
       1*:  116:    assert(arr2[1] == 3);
        1:  116-block  0
call    0 returned 1
branch  1 taken 0 (fallthrough)
branch  2 taken 1
    %%%%%:  116-block  1
call    3 never executed
branch  4 never executed
branch  5 never executed
        1:  116-block  2
    %%%%%:  116-block  3
       1*:  117:    assert(arr2[2] == 5);
        1:  117-block  0
call    0 returned 1
branch  1 taken 0 (fallthrough)
branch  2 taken 1
    %%%%%:  117-block  1
call    3 never executed
branch  4 never executed
branch  5 never executed
        1:  117-block  2
    %%%%%:  117-block  3
        -:  118:
        1:  119:    DynamicArray<int> arr3(10);
        1:  119-block  0
call    0 returned 1
branch  1 taken 1 (fallthrough)
branch  2 taken 0 (throw)
        1:  120:    arr3 = arr2;
        1:  120-block  0
call    0 returned 1
branch  1 taken 1 (fallthrough)
branch  2 taken 0 (throw)
       1*:  121:    assert(arr3.lengthGetter() == 3);
        1:  121-block  0
call    0 returned 1
branch  1 taken 0 (fallthrough)
branch  2 taken 1
    %%%%%:  121-block  1
call    3 never executed
branch  4 never executed
branch  5 never executed
        1:  121-block  2
    %%%%%:  121-block  3
       1*:  122:    assert(arr3[0] == 2);
        1:  122-block  0
call    0 returned 1
branch  1 taken 0 (fallthrough)
branch  2 taken 1
    %%%%%:  122-block  1
call    3 never executed
branch  4 never executed
branch  5 never executed
        1:  122-block  2
    %%%%%:  122-block  3
       1*:  123:    assert(arr3[1] == 3);
        1:  123-block  0
call    0 returned 1
branch  1 taken 0 (fallthrough)
branch  2 taken 1
    %%%%%:  123-block  1
call    3 never executed
branch  4 never executed
branch  5 never executed
        1:  123-block  2
    %%%%%:  123-block  3
       1*:  124:    assert(arr3[2] == 5);
        1:  124-block  0
call    0 returned 1
branch  1 taken 0 (fallthrough)
branch  2 taken 1
    %%%%%:  124-block  1
call    3 never executed
branch  4 never executed
branch  5 never executed
        1:  124-block  2
    %%%%%:  124-block  3
        -:  125:
        -:  126:    // Test the elementsGetter method
        1:  127:    int* elements = arr3.elementsGetter();
        1:  127-block  0
call    0 returned 1
       1*:  128:    assert(elements[0] == 2);
branch  0 taken 0 (fallthrough)
branch  1 taken 1
    %%%%%:  128-block  0
call    2 never executed
branch  3 never executed
branch  4 never executed
        1:  128-block  1
    %%%%%:  128-block  2
       1*:  129:    assert(elements[1] == 3);
        1:  129-block  0
branch  0 taken 0 (fallthrough)
branch  1 taken 1
    %%%%%:  129-block  1
call    2 never executed
branch  3 never executed
branch  4 never executed
        1:  129-block  2
    %%%%%:  129-block  3
       1*:  130:    assert(elements[2] == 5);
        1:  130-block  0
branch  0 taken 0 (fallthrough)
branch  1 taken 1
    %%%%%:  130-block  1
call    2 never executed
branch  3 never executed
branch  4 never executed
        1:  130-block  2
    %%%%%:  130-block  3
        -:  131:
        1:  132:}
        1:  132-block  0
call    0 returned 1
call    1 returned 1
call    2 returned 1
    $$$$$:  132-block  1
call    3 never executed
    $$$$$:  132-block  2
call    4 never executed
    $$$$$:  132-block  3
call    5 never executed
function _Z8testRepov called 1 returned 100% blocks executed 47%
        1:  133:void testRepo(){
        2:  134:    Repository repo("test.txt");
        1:  134-block  0
call    0 returned 1
call    1 returned 1
branch  2 taken 1 (fallthrough)
branch  3 taken 0 (throw)
        1:  134-block  1
call    4 returned 1
branch  5 taken 1 (fallthrough)
branch  6 taken 0 (throw)
call    7 returned 1
    $$$$$:  134-block  2
    $$$$$:  134-block  3
        -:  135:
        -:  136:    // Test addTutorialRepo
        2:  137:    Tutorial t1("title1", "presenter1", "Duration1", 100, "link1");
call    0 returned 1
call    1 returned 1
branch  2 taken 1 (fallthrough)
branch  3 taken 0 (throw)
        1:  137-block  0
call    4 returned 1
call    5 returned 1
branch  6 taken 1 (fallthrough)
branch  7 taken 0 (throw)
        1:  137-block  1
call    8 returned 1
call    9 returned 1
branch 10 taken 1 (fallthrough)
branch 11 taken 0 (throw)
        1:  137-block  2
call   12 returned 1
call   13 returned 1
branch 14 taken 1 (fallthrough)
branch 15 taken 0 (throw)
        1:  137-block  3
call   16 returned 1
branch 17 taken 1 (fallthrough)
branch 18 taken 0 (throw)
call   19 returned 1
call   20 returned 1
call   21 returned 1
call   22 returned 1
call   23 returned 1
call   24 returned 1
call   25 returned 1
    $$$$$:  137-block  4
    $$$$$:  137-block  5
    $$$$$:  137-block  6
    $$$$$:  137-block  7
    $$$$$:  137-block  8
    $$$$$:  137-block  9
    $$$$$:  137-block 10
    $$$$$:  137-block 11
    $$$$$:  137-block 12
        1:  138:    repo.addTutorialRepo(t1);
call    0 returned 1
branch  1 taken 1 (fallthrough)
branch  2 taken 0 (throw)
        1:  138-block  0
call    3 returned 1
branch  4 taken 1 (fallthrough)
branch  5 taken 0 (throw)
        1:  138-block  1
call    6 returned 1
    $$$$$:  138-block  2
call    7 never executed
    $$$$$:  138-block  3
       1*:  139:    assert(repo.getTutorialsList().size() == 1);
call    0 returned 1
branch  1 taken 1 (fallthrough)
branch  2 taken 0 (throw)
        1:  139-block  0
call    3 returned 1
branch  4 taken 0 (fallthrough)
branch  5 taken 1
    %%%%%:  139-block  1
call    6 never executed
branch  7 never executed
branch  8 never executed
        1:  139-block  2
    %%%%%:  139-block  3
        1:  139-block  4
branch  9 taken 1 (fallthrough)
branch 10 taken 0
        1:  139-block  5
call   11 returned 1
    $$$$$:  139-block  6
branch 12 never executed
branch 13 never executed
    $$$$$:  139-block  7
call   14 never executed
    $$$$$:  139-block  8
        -:  140:
        -:  141:    // Test findTutorialRepo
        2:  142:    Tutorial foundTutorial = repo.findTutorialRepo("title1");
        1:  142-block  0
call    0 returned 1
call    1 returned 1
branch  2 taken 1 (fallthrough)
branch  3 taken 0 (throw)
        1:  142-block  1
call    4 returned 1
branch  5 taken 1 (fallthrough)
branch  6 taken 0 (throw)
call    7 returned 1
    $$$$$:  142-block  2
    $$$$$:  142-block  3
       1*:  143:    assert(foundTutorial == t1);
call    0 returned 1
branch  1 taken 1 (fallthrough)
branch  2 taken 0 (throw)
        1:  143-block  0
branch  3 taken 0 (fallthrough)
branch  4 taken 1
    %%%%%:  143-block  1
call    5 never executed
branch  6 never executed
branch  7 never executed
        1:  143-block  2
    %%%%%:  143-block  3
        -:  144:
        -:  145:    // Test deleteTutorialRepo
        1:  146:    repo.deleteTutorialRepo("title1");
        1:  146-block  0
call    0 returned 1
call    1 returned 1
branch  2 taken 1 (fallthrough)
branch  3 taken 0 (throw)
        1:  146-block  1
call    4 returned 1
branch  5 taken 1 (fallthrough)
branch  6 taken 0 (throw)
        1:  146-block  2
call    7 returned 1
call    8 returned 1
    $$$$$:  146-block  3
call    9 never executed
    $$$$$:  146-block  4
    $$$$$:  146-block  5
call   10 never executed
    $$$$$:  146-block  6
       1*:  147:    assert(repo.getTutorialsList().size() == 0);
call    0 returned 1
branch  1 taken 1 (fallthrough)
branch  2 taken 0 (throw)
        1:  147-block  0
call    3 returned 1
branch  4 taken 0 (fallthrough)
branch  5 taken 1
    %%%%%:  147-block  1
call    6 never executed
branch  7 never executed
branch  8 never executed
        1:  147-block  2
    %%%%%:  147-block  3
        1:  147-block  4
branch  9 taken 1 (fallthrough)
branch 10 taken 0
        1:  147-block  5
call   11 returned 1
    $$$$$:  147-block  6
branch 12 never executed
branch 13 never executed
    $$$$$:  147-block  7
call   14 never executed
    $$$$$:  147-block  8
        1:  148:    bool exceptionThrown = false;
        -:  149:    try {
       3*:  150:        repo.deleteTutorialRepo("title1");
        1:  150-block  0
call    0 returned 1
call    1 returned 1
branch  2 taken 1 (fallthrough)
branch  3 taken 0 (throw)
        1:  150-block  1
call    4 returned 1
branch  5 taken 0 (fallthrough)
branch  6 taken 1 (throw)
    %%%%%:  150-block  2
call    7 never executed
call    8 never executed
        1:  150-block  3
call    9 returned 1
        1:  150-block  4
        1:  150-block  5
call   10 returned 1
        1:  150-block  6
        -:  151:    }
        1:  152:    catch (const RepoError&) {
        1:  152-block  0
branch  0 taken 0 (fallthrough)
branch  1 taken 1
        1:  152-block  1
call    2 returned 1
        1:  153:        exceptionThrown = true;
        1:  154:    }
call    0 returned 1
branch  1 taken 1 (fallthrough)
branch  2 taken 0 (throw)
       1*:  155:    assert(exceptionThrown);
        1:  155-block  0
branch  0 taken 0 (fallthrough)
branch  1 taken 1
    %%%%%:  155-block  1
call    2 never executed
branch  3 never executed
branch  4 never executed
        1:  155-block  2
    %%%%%:  155-block  3
        -:  156:
        -:  157:    // Test updateTutorialRepo
        2:  158:    Tutorial t2("title2", "presenter2", "duration2", 200, "link2");
        1:  158-block  0
call    0 returned 1
call    1 returned 1
branch  2 taken 1 (fallthrough)
branch  3 taken 0 (throw)
        1:  158-block  1
call    4 returned 1
call    5 returned 1
branch  6 taken 1 (fallthrough)
branch  7 taken 0 (throw)
        1:  158-block  2
call    8 returned 1
call    9 returned 1
branch 10 taken 1 (fallthrough)
branch 11 taken 0 (throw)
        1:  158-block  3
call   12 returned 1
call   13 returned 1
branch 14 taken 1 (fallthrough)
branch 15 taken 0 (throw)
        1:  158-block  4
call   16 returned 1
branch 17 taken 1 (fallthrough)
branch 18 taken 0 (throw)
call   19 returned 1
call   20 returned 1
call   21 returned 1
call   22 returned 1
call   23 returned 1
call   24 returned 1
call   25 returned 1
    $$$$$:  158-block  5
    $$$$$:  158-block  6
    $$$$$:  158-block  7
    $$$$$:  158-block  8
    $$$$$:  158-block  9
    $$$$$:  158-block 10
    $$$$$:  158-block 11
    $$$$$:  158-block 12
    $$$$$:  158-block 13
        1:  159:    repo.addTutorialRepo(t2);
call    0 returned 1
branch  1 taken 1 (fallthrough)
branch  2 taken 0 (throw)
        1:  159-block  0
call    3 returned 1
branch  4 taken 1 (fallthrough)
branch  5 taken 0 (throw)
        1:  159-block  1
call    6 returned 1
    $$$$$:  159-block  2
call    7 never executed
    $$$$$:  159-block  3
        1:  160:    repo.updateTutorialRepo("title2", Tutorial("newTitle", "newPresenter", "newDuration", 100, "newLink"));
call    0 returned 1
call    1 returned 1
branch  2 taken 1 (fallthrough)
branch  3 taken 0 (throw)
        1:  160-block  0
call    4 returned 1
call    5 returned 1
branch  6 taken 1 (fallthrough)
branch  7 taken 0 (throw)
        1:  160-block  1
call    8 returned 1
call    9 returned 1
branch 10 taken 1 (fallthrough)
branch 11 taken 0 (throw)
        1:  160-block  2
call   12 returned 1
call   13 returned 1
branch 14 taken 1 (fallthrough)
branch 15 taken 0 (throw)
        1:  160-block  3
call   16 returned 1
branch 17 taken 1 (fallthrough)
branch 18 taken 0 (throw)
        1:  160-block  4
call   19 returned 1
call   20 returned 1
branch 21 taken 1 (fallthrough)
branch 22 taken 0 (throw)
        1:  160-block  5
call   23 returned 1
branch 24 taken 1 (fallthrough)
branch 25 taken 0 (throw)
        1:  160-block  6
call   26 returned 1
call   27 returned 1
call   28 returned 1
call   29 returned 1
call   30 returned 1
call   31 returned 1
call   32 returned 1
call   33 returned 1
call   34 returned 1
call   35 returned 1
call   36 returned 1
    $$$$$:  160-block  7
call   37 never executed
    $$$$$:  160-block  8
    $$$$$:  160-block  9
call   38 never executed
    $$$$$:  160-block 10
    $$$$$:  160-block 11
call   39 never executed
    $$$$$:  160-block 12
    $$$$$:  160-block 13
call   40 never executed
    $$$$$:  160-block 14
    $$$$$:  160-block 15
call   41 never executed
    $$$$$:  160-block 16
    $$$$$:  160-block 17
call   42 never executed
    $$$$$:  160-block 18
    $$$$$:  160-block 19
call   43 never executed
    $$$$$:  160-block 20
    $$$$$:  160-block 21
call   44 never executed
    $$$$$:  160-block 22
    $$$$$:  160-block 23
call   45 never executed
    $$$$$:  160-block 24
    $$$$$:  160-block 25
    $$$$$:  160-block 26
call   46 never executed
    $$$$$:  160-block 27
    $$$$$:  160-block 28
call   47 never executed
    $$$$$:  160-block 29
        1:  161:    foundTutorial = repo.findTutorialRepo("newTitle");
call    0 returned 1
call    1 returned 1
branch  2 taken 1 (fallthrough)
branch  3 taken 0 (throw)
        1:  161-block  0
call    4 returned 1
branch  5 taken 1 (fallthrough)
branch  6 taken 0 (throw)
        1:  161-block  1
call    7 returned 1
branch  8 taken 1 (fallthrough)
branch  9 taken 0 (throw)
        1:  161-block  2
call   10 returned 1
call   11 returned 1
call   12 returned 1
    $$$$$:  161-block  3
call   13 never executed
    $$$$$:  161-block  4
    $$$$$:  161-block  5
call   14 never executed
    $$$$$:  161-block  6
    $$$$$:  161-block  7
call   15 never executed
    $$$$$:  161-block  8
       1*:  162:    assert(foundTutorial.getPresenter() == "newPresenter");
call    0 returned 1
branch  1 taken 1 (fallthrough)
branch  2 taken 0 (throw)
        1:  162-block  0
call    3 returned 1
branch  4 taken 0 (fallthrough)
branch  5 taken 1
    %%%%%:  162-block  1
call    6 never executed
branch  7 never executed
branch  8 never executed
        1:  162-block  2
    %%%%%:  162-block  3
        1:  162-block  4
branch  9 taken 1 (fallthrough)
branch 10 taken 0
        1:  162-block  5
call   11 returned 1
    $$$$$:  162-block  6
branch 12 never executed
branch 13 never executed
    $$$$$:  162-block  7
call   14 never executed
    $$$$$:  162-block  8
        1:  163:    exceptionThrown = false;
        -:  164:    try {
       4*:  165:        repo.updateTutorialRepo("nonexistentTitle", t1);
        1:  165-block  0
call    0 returned 1
branch  1 taken 1 (fallthrough)
branch  2 taken 0 (throw)
        1:  165-block  1
call    3 returned 1
call    4 returned 1
branch  5 taken 1 (fallthrough)
branch  6 taken 0 (throw)
        1:  165-block  2
call    7 returned 1
branch  8 taken 0 (fallthrough)
branch  9 taken 1 (throw)
    %%%%%:  165-block  3
call   10 never executed
call   11 never executed
call   12 never executed
        1:  165-block  4
call   13 returned 1
        1:  165-block  5
        1:  165-block  6
call   14 returned 1
        1:  165-block  7
        1:  165-block  8
call   15 returned 1
        1:  165-block  9
        -:  166:    }
        1:  167:    catch (const RepoError&) {
        1:  167-block  0
branch  0 taken 0 (fallthrough)
branch  1 taken 1
        1:  167-block  1
call    2 returned 1
        1:  168:        exceptionThrown = true;
        1:  169:    }
call    0 returned 1
branch  1 taken 1 (fallthrough)
branch  2 taken 0 (throw)
       1*:  170:    assert(exceptionThrown);
        1:  170-block  0
branch  0 taken 0 (fallthrough)
branch  1 taken 1
    %%%%%:  170-block  1
call    2 never executed
branch  3 never executed
branch  4 never executed
        1:  170-block  2
    %%%%%:  170-block  3
        2:  171:    Repository repository("testfile.txt");
        1:  171-block  0
call    0 returned 1
call    1 returned 1
branch  2 taken 1 (fallthrough)
branch  3 taken 0 (throw)
        1:  171-block  1
call    4 returned 1
branch  5 taken 1 (fallthrough)
branch  6 taken 0 (throw)
call    7 returned 1
    $$$$$:  171-block  2
    $$$$$:  171-block  3
        2:  172:    Tutorial tutorial("Test Title", "Test Presenter", "Duration", 10, "Test Link");
call    0 returned 1
call    1 returned 1
branch  2 taken 1 (fallthrough)
branch  3 taken 0 (throw)
        1:  172-block  0
call    4 returned 1
call    5 returned 1
branch  6 taken 1 (fallthrough)
branch  7 taken 0 (throw)
        1:  172-block  1
call    8 returned 1
call    9 returned 1
branch 10 taken 1 (fallthrough)
branch 11 taken 0 (throw)
        1:  172-block  2
call   12 returned 1
call   13 returned 1
branch 14 taken 1 (fallthrough)
branch 15 taken 0 (throw)
        1:  172-block  3
call   16 returned 1
branch 17 taken 1 (fallthrough)
branch 18 taken 0 (throw)
call   19 returned 1
call   20 returned 1
call   21 returned 1
call   22 returned 1
call   23 returned 1
call   24 returned 1
call   25 returned 1
    $$$$$:  172-block  4
    $$$$$:  172-block  5
    $$$$$:  172-block  6
    $$$$$:  172-block  7
    $$$$$:  172-block  8
    $$$$$:  172-block  9
    $$$$$:  172-block 10
    $$$$$:  172-block 11
    $$$$$:  172-block 12
        1:  173:    repository.addTutorialRepo(tutorial);
call    0 returned 1
branch  1 taken 1 (fallthrough)
branch  2 taken 0 (throw)
        1:  173-block  0
call    3 returned 1
branch  4 taken 1 (fallthrough)
branch  5 taken 0 (throw)
        1:  173-block  1
call    6 returned 1
    $$$$$:  173-block  2
call    7 never executed
    $$$$$:  173-block  3
        -:  174:    try {
       2*:  175:        repository.addTutorialRepo(tutorial); // try to add the same tutorial again
call    0 returned 1
branch  1 taken 1 (fallthrough)
branch  2 taken 0 (throw)
        1:  175-block  0
call    3 returned 1
branch  4 taken 0 (fallthrough)
branch  5 taken 1 (throw)
    %%%%%:  175-block  1
call    6 never executed
        1:  175-block  2
call    7 returned 1
        1:  175-block  3
    #####:  176:        assert(false); // should not reach this point
call    0 never executed
branch  1 never executed
branch  2 never executed
        -:  177:    }
        1:  178:    catch (const RepoError& e) {
        1:  178-block  0
branch  0 taken 1
branch  1 taken 0
        1:  178-block  1
call    2 returned 1
        1:  179:        assert(std::string(e.what()) == "This tutorial already exists !");
call    0 returned 1
call    1 returned 1
call    2 returned 1
branch  3 taken 1 (fallthrough)
branch  4 taken 0 (throw)
        1:  179-block  0
call    5 returned 1
branch  6 taken 0 (fallthrough)
branch  7 taken 1
    $$$$$:  179-block  1
call    8 never executed
branch  9 never executed
branch 10 never executed
        1:  179-block  2
    $$$$$:  179-block  3
        1:  179-block  4
branch 11 taken 1 (fallthrough)
branch 12 taken 0
        1:  179-block  5
call   13 returned 1
        1:  179-block  6
branch 14 taken 1 (fallthrough)
branch 15 taken 0
        1:  179-block  7
call   16 returned 1
    $$$$$:  179-block  8
branch 17 never executed
branch 18 never executed
    $$$$$:  179-block  9
call   19 never executed
    $$$$$:  179-block 10
    $$$$$:  179-block 11
branch 20 never executed
branch 21 never executed
    $$$$$:  179-block 12
call   22 never executed
    $$$$$:  179-block 13
        1:  180:    }
        1:  180-block  0
call    0 returned 1
branch  1 taken 1 (fallthrough)
branch  2 taken 0 (throw)
    $$$$$:  180-block  1
call    3 never executed
    =====:  181:    catch (...) {
    $$$$$:  181-block  0
call    0 never executed
    =====:  182:        assert(false); // should not catch any other exception
call    0 never executed
branch  1 never executed
branch  2 never executed
    =====:  183:    }
    $$$$$:  183-block  0
call    0 never executed
branch  1 never executed
branch  2 never executed
    $$$$$:  183-block  1
call    3 never executed
        -:  184:
        -:  185:    // Test writeEntitiesToFile
        1:  186:    repo.writeEntitiesToFile();
        1:  186-block  0
call    0 returned 1
branch  1 taken 1 (fallthrough)
branch  2 taken 0 (throw)
        1:  187:}
        1:  187-block  0
call    0 returned 1
call    1 returned 1
call    2 returned 1
call    3 returned 1
call    4 returned 1
call    5 returned 1
    $$$$$:  187-block  1
call    6 never executed
    $$$$$:  187-block  2
call    7 never executed
    $$$$$:  187-block  3
call    8 never executed
    $$$$$:  187-block  4
call    9 never executed
    $$$$$:  187-block  5
call   10 never executed
    $$$$$:  187-block  6
call   11 never executed
function _Z12testUserRepov called 1 returned 100% blocks executed 49%
        1:  188:void testUserRepo(){
        -:  189:    // Create a UserRepository
        2:  190:    UserRepository userRepository("test_user_file.txt");
        1:  190-block  0
call    0 returned 1
call    1 returned 1
branch  2 taken 1 (fallthrough)
branch  3 taken 0 (throw)
        1:  190-block  1
call    4 returned 1
branch  5 taken 1 (fallthrough)
branch  6 taken 0 (throw)
call    7 returned 1
    $$$$$:  190-block  2
    $$$$$:  190-block  3
        -:  191:
        -:  192:    // Create a Tutorial
        2:  193:    Tutorial tutorial("Test Title", "Test Presenter", "Duration", 100, "www.test.com");
call    0 returned 1
call    1 returned 1
branch  2 taken 1 (fallthrough)
branch  3 taken 0 (throw)
        1:  193-block  0
call    4 returned 1
call    5 returned 1
branch  6 taken 1 (fallthrough)
branch  7 taken 0 (throw)
        1:  193-block  1
call    8 returned 1
call    9 returned 1
branch 10 taken 1 (fallthrough)
branch 11 taken 0 (throw)
        1:  193-block  2
call   12 returned 1
call   13 returned 1
branch 14 taken 1 (fallthrough)
branch 15 taken 0 (throw)
        1:  193-block  3
call   16 returned 1
branch 17 taken 1 (fallthrough)
branch 18 taken 0 (throw)
call   19 returned 1
call   20 returned 1
call   21 returned 1
call   22 returned 1
call   23 returned 1
call   24 returned 1
call   25 returned 1
    $$$$$:  193-block  4
    $$$$$:  193-block  5
    $$$$$:  193-block  6
    $$$$$:  193-block  7
    $$$$$:  193-block  8
    $$$$$:  193-block  9
    $$$$$:  193-block 10
    $$$$$:  193-block 11
    $$$$$:  193-block 12
        -:  194:
        -:  195:    // Test adding a tutorial to the watch list
        1:  196:    userRepository.addTutorialUserRepo(tutorial);
call    0 returned 1
branch  1 taken 1 (fallthrough)
branch  2 taken 0 (throw)
        1:  196-block  0
call    3 returned 1
branch  4 taken 1 (fallthrough)
branch  5 taken 0 (throw)
        1:  196-block  1
call    6 returned 1
    $$$$$:  196-block  2
call    7 never executed
    $$$$$:  196-block  3
       1*:  197:    assert(userRepository.getWatchList().size() == 1);
call    0 returned 1
branch  1 taken 1 (fallthrough)
branch  2 taken 0 (throw)
        1:  197-block  0
call    3 returned 1
branch  4 taken 0 (fallthrough)
branch  5 taken 1
    %%%%%:  197-block  1
call    6 never executed
branch  7 never executed
branch  8 never executed
        1:  197-block  2
    %%%%%:  197-block  3
        1:  197-block  4
branch  9 taken 1 (fallthrough)
branch 10 taken 0
        1:  197-block  5
call   11 returned 1
    $$$$$:  197-block  6
branch 12 never executed
branch 13 never executed
    $$$$$:  197-block  7
call   14 never executed
    $$$$$:  197-block  8
        -:  198:
        -:  199:    // Test adding a duplicate tutorial to the watch list
        -:  200:    try {
       2*:  201:        userRepository.addTutorialUserRepo(tutorial);
        1:  201-block  0
call    0 returned 1
branch  1 taken 1 (fallthrough)
branch  2 taken 0 (throw)
        1:  201-block  1
call    3 returned 1
branch  4 taken 0 (fallthrough)
branch  5 taken 1 (throw)
    %%%%%:  201-block  2
call    6 never executed
        1:  201-block  3
call    7 returned 1
        1:  201-block  4
    #####:  202:        assert(false);
call    0 never executed
branch  1 never executed
branch  2 never executed
        -:  203:    }
        1:  204:    catch (const RepoError& e) {
        1:  204-block  0
branch  0 taken 0 (fallthrough)
branch  1 taken 1
        1:  204-block  1
call    2 returned 1
        1:  205:        assert(e.what() == std::string("This tutorial already exists !"));
call    0 returned 1
call    1 returned 1
branch  2 taken 1 (fallthrough)
branch  3 taken 0 (throw)
        1:  205-block  0
call    4 returned 1
call    5 returned 1
branch  6 taken 0 (fallthrough)
branch  7 taken 1
    $$$$$:  205-block  1
call    8 never executed
branch  9 never executed
branch 10 never executed
        1:  205-block  2
    $$$$$:  205-block  3
        1:  205-block  4
branch 11 taken 1 (fallthrough)
branch 12 taken 0
        1:  205-block  5
call   13 returned 1
        1:  205-block  6
branch 14 taken 1 (fallthrough)
branch 15 taken 0
        1:  205-block  7
call   16 returned 1
    $$$$$:  205-block  8
branch 17 never executed
branch 18 never executed
    $$$$$:  205-block  9
call   19 never executed
    $$$$$:  205-block 10
    $$$$$:  205-block 11
branch 20 never executed
branch 21 never executed
    $$$$$:  205-block 12
call   22 never executed
    $$$$$:  205-block 13
        1:  206:    }
        1:  206-block  0
call    0 returned 1
branch  1 taken 1 (fallthrough)
branch  2 taken 0 (throw)
    $$$$$:  206-block  1
call    3 never executed
        -:  207:
        -:  208:    // Test finding a tutorial in the watch list
        2:  209:    Tutorial foundTutorial = userRepository.findTutorialUserRepo("Test Title");
        1:  209-block  0
call    0 returned 1
call    1 returned 1
branch  2 taken 1 (fallthrough)
branch  3 taken 0 (throw)
        1:  209-block  1
call    4 returned 1
branch  5 taken 1 (fallthrough)
branch  6 taken 0 (throw)
call    7 returned 1
    $$$$$:  209-block  2
    $$$$$:  209-block  3
       1*:  210:    assert(foundTutorial.getTitle() == "Test Title");
call    0 returned 1
branch  1 taken 1 (fallthrough)
branch  2 taken 0 (throw)
        1:  210-block  0
call    3 returned 1
branch  4 taken 0 (fallthrough)
branch  5 taken 1
    %%%%%:  210-block  1
call    6 never executed
branch  7 never executed
branch  8 never executed
        1:  210-block  2
    %%%%%:  210-block  3
        1:  210-block  4
branch  9 taken 1 (fallthrough)
branch 10 taken 0
        1:  210-block  5
call   11 returned 1
    $$$$$:  210-block  6
branch 12 never executed
branch 13 never executed
    $$$$$:  210-block  7
call   14 never executed
    $$$$$:  210-block  8
        -:  211:
        -:  212:    // Test deleting a tutorial from the watch list
        1:  213:    userRepository.deleteTutorialUserRepo("Test Title");
        1:  213-block  0
call    0 returned 1
call    1 returned 1
branch  2 taken 1 (fallthrough)
branch  3 taken 0 (throw)
        1:  213-block  1
call    4 returned 1
branch  5 taken 1 (fallthrough)
branch  6 taken 0 (throw)
        1:  213-block  2
call    7 returned 1
call    8 returned 1
    $$$$$:  213-block  3
call    9 never executed
    $$$$$:  213-block  4
    $$$$$:  213-block  5
call   10 never executed
    $$$$$:  213-block  6
       1*:  214:    assert(userRepository.getWatchList().size() == 0);
call    0 returned 1
branch  1 taken 1 (fallthrough)
branch  2 taken 0 (throw)
        1:  214-block  0
call    3 returned 1
branch  4 taken 0 (fallthrough)
branch  5 taken 1
    %%%%%:  214-block  1
call    6 never executed
branch  7 never executed
branch  8 never executed
        1:  214-block  2
    %%%%%:  214-block  3
        1:  214-block  4
branch  9 taken 1 (fallthrough)
branch 10 taken 0
        1:  214-block  5
call   11 returned 1
    $$$$$:  214-block  6
branch 12 never executed
branch 13 never executed
    $$$$$:  214-block  7
call   14 never executed
    $$$$$:  214-block  8
        -:  215:
        -:  216:    // Test deleting a non-existent tutorial from the watch list
        -:  217:    try {
       3*:  218:        userRepository.deleteTutorialUserRepo("Non-existent Tutorial");
        1:  218-block  0
call    0 returned 1
call    1 returned 1
branch  2 taken 1 (fallthrough)
branch  3 taken 0 (throw)
        1:  218-block  1
call    4 returned 1
branch  5 taken 0 (fallthrough)
branch  6 taken 1 (throw)
    %%%%%:  218-block  2
call    7 never executed
call    8 never executed
        1:  218-block  3
call    9 returned 1
        1:  218-block  4
        1:  218-block  5
call   10 returned 1
        1:  218-block  6
    #####:  219:        assert(false);
call    0 never executed
branch  1 never executed
branch  2 never executed
        -:  220:    }
        1:  221:    catch (const RepoError& e) {
        1:  221-block  0
branch  0 taken 0 (fallthrough)
branch  1 taken 1
        1:  221-block  1
call    2 returned 1
        1:  222:        assert(e.what() == std::string("Tutorial does not exist !"));
call    0 returned 1
call    1 returned 1
branch  2 taken 1 (fallthrough)
branch  3 taken 0 (throw)
        1:  222-block  0
call    4 returned 1
call    5 returned 1
branch  6 taken 0 (fallthrough)
branch  7 taken 1
    $$$$$:  222-block  1
call    8 never executed
branch  9 never executed
branch 10 never executed
        1:  222-block  2
    $$$$$:  222-block  3
        1:  222-block  4
branch 11 taken 1 (fallthrough)
branch 12 taken 0
        1:  222-block  5
call   13 returned 1
        1:  222-block  6
branch 14 taken 1 (fallthrough)
branch 15 taken 0
        1:  222-block  7
call   16 returned 1
    $$$$$:  222-block  8
branch 17 never executed
branch 18 never executed
    $$$$$:  222-block  9
call   19 never executed
    $$$$$:  222-block 10
    $$$$$:  222-block 11
branch 20 never executed
branch 21 never executed
    $$$$$:  222-block 12
call   22 never executed
    $$$$$:  222-block 13
        1:  223:    }
        1:  223-block  0
call    0 returned 1
branch  1 taken 1 (fallthrough)
branch  2 taken 0 (throw)
    $$$$$:  223-block  1
call    3 never executed
        -:  224:
        -:  225:    // Clean up the test file
        1:  226:    remove("test_user_file.txt");
        1:  226-block  0
call    0 returned 1
branch  1 taken 1 (fallthrough)
branch  2 taken 0 (throw)
        1:  227:}
        1:  227-block  0
call    0 returned 1
call    1 returned 1
call    2 returned 1
    $$$$$:  227-block  1
call    3 never executed
    $$$$$:  227-block  2
call    4 never executed
    $$$$$:  227-block  3
call    5 never executed
function _Z11testServicev called 1 returned 100% blocks executed 56%
        1:  228:void testService(){
        -:  229:    // Create a repository with some initial data
        2:  230:    Repository repo("test.txt");
        1:  230-block  0
call    0 returned 1
call    1 returned 1
branch  2 taken 1 (fallthrough)
branch  3 taken 0 (throw)
        1:  230-block  1
call    4 returned 1
branch  5 taken 1 (fallthrough)
branch  6 taken 0 (throw)
call    7 returned 1
    $$$$$:  230-block  2
    $$$$$:  230-block  3
        1:  231:    Service service(repo);
call    0 returned 1
branch  1 taken 1 (fallthrough)
branch  2 taken 0 (throw)
        -:  232:
        -:  233:    // Add a tutorial to the repository
        1:  234:    service.addTutorialServ("Title 1", "Presenter 1", "10:00", 0, "www.link1.com");
        1:  234-block  0
call    0 returned 1
call    1 returned 1
branch  2 taken 1 (fallthrough)
branch  3 taken 0 (throw)
        1:  234-block  1
call    4 returned 1
call    5 returned 1
branch  6 taken 1 (fallthrough)
branch  7 taken 0 (throw)
        1:  234-block  2
call    8 returned 1
call    9 returned 1
branch 10 taken 1 (fallthrough)
branch 11 taken 0 (throw)
        1:  234-block  3
call   12 returned 1
call   13 returned 1
branch 14 taken 1 (fallthrough)
branch 15 taken 0 (throw)
        1:  234-block  4
call   16 returned 1
branch 17 taken 1 (fallthrough)
branch 18 taken 0 (throw)
        1:  234-block  5
call   19 returned 1
call   20 returned 1
call   21 returned 1
call   22 returned 1
call   23 returned 1
call   24 returned 1
call   25 returned 1
call   26 returned 1
    $$$$$:  234-block  6
call   27 never executed
    $$$$$:  234-block  7
    $$$$$:  234-block  8
call   28 never executed
    $$$$$:  234-block  9
    $$$$$:  234-block 10
call   29 never executed
    $$$$$:  234-block 11
    $$$$$:  234-block 12
call   30 never executed
    $$$$$:  234-block 13
    $$$$$:  234-block 14
call   31 never executed
    $$$$$:  234-block 15
    $$$$$:  234-block 16
call   32 never executed
    $$$$$:  234-block 17
    $$$$$:  234-block 18
call   33 never executed
    $$$$$:  234-block 19
    $$$$$:  234-block 20
call   34 never executed
    $$$$$:  234-block 21
        -:  235:
        -:  236:    // Test getTutorialsList
        1:  237:    std::vector<Tutorial> tutorials = service.getTutorialsList();
call    0 returned 1
branch  1 taken 1 (fallthrough)
branch  2 taken 0 (throw)
       1*:  238:    assert(tutorials.size() == 1);
        1:  238-block  0
call    0 returned 1
branch  1 taken 0 (fallthrough)
branch  2 taken 1
    %%%%%:  238-block  1
call    3 never executed
branch  4 never executed
branch  5 never executed
        1:  238-block  2
    %%%%%:  238-block  3
       1*:  239:    assert(tutorials[0].getTitle() == "Title 1");
        1:  239-block  0
call    0 returned 1
call    1 returned 1
branch  2 taken 1 (fallthrough)
branch  3 taken 0 (throw)
        1:  239-block  1
call    4 returned 1
branch  5 taken 0 (fallthrough)
branch  6 taken 1
    %%%%%:  239-block  2
call    7 never executed
branch  8 never executed
branch  9 never executed
        1:  239-block  3
    %%%%%:  239-block  4
        1:  239-block  5
branch 10 taken 1 (fallthrough)
branch 11 taken 0
        1:  239-block  6
call   12 returned 1
    $$$$$:  239-block  7
branch 13 never executed
branch 14 never executed
    $$$$$:  239-block  8
call   15 never executed
    $$$$$:  239-block  9
       1*:  240:    assert(tutorials[0].getPresenter() == "Presenter 1");
        1:  240-block  0
call    0 returned 1
call    1 returned 1
branch  2 taken 1 (fallthrough)
branch  3 taken 0 (throw)
        1:  240-block  1
call    4 returned 1
branch  5 taken 0 (fallthrough)
branch  6 taken 1
    %%%%%:  240-block  2
call    7 never executed
branch  8 never executed
branch  9 never executed
        1:  240-block  3
    %%%%%:  240-block  4
        1:  240-block  5
branch 10 taken 1 (fallthrough)
branch 11 taken 0
        1:  240-block  6
call   12 returned 1
    $$$$$:  240-block  7
branch 13 never executed
branch 14 never executed
    $$$$$:  240-block  8
call   15 never executed
    $$$$$:  240-block  9
       1*:  241:    assert(tutorials[0].getDuration() == "10:00");
        1:  241-block  0
call    0 returned 1
call    1 returned 1
branch  2 taken 1 (fallthrough)
branch  3 taken 0 (throw)
        1:  241-block  1
call    4 returned 1
branch  5 taken 0 (fallthrough)
branch  6 taken 1
    %%%%%:  241-block  2
call    7 never executed
branch  8 never executed
branch  9 never executed
        1:  241-block  3
    %%%%%:  241-block  4
        1:  241-block  5
branch 10 taken 1 (fallthrough)
branch 11 taken 0
        1:  241-block  6
call   12 returned 1
    $$$$$:  241-block  7
branch 13 never executed
branch 14 never executed
    $$$$$:  241-block  8
call   15 never executed
    $$$$$:  241-block  9
       1*:  242:    assert(tutorials[0].getLike() == 0);
        1:  242-block  0
call    0 returned 1
call    1 returned 1
branch  2 taken 1 (fallthrough)
branch  3 taken 0 (throw)
        1:  242-block  1
branch  4 taken 0 (fallthrough)
branch  5 taken 1
    %%%%%:  242-block  2
call    6 never executed
branch  7 never executed
branch  8 never executed
        1:  242-block  3
    %%%%%:  242-block  4
       1*:  243:    assert(tutorials[0].getLink() == "www.link1.com");
        1:  243-block  0
call    0 returned 1
call    1 returned 1
branch  2 taken 1 (fallthrough)
branch  3 taken 0 (throw)
        1:  243-block  1
call    4 returned 1
branch  5 taken 0 (fallthrough)
branch  6 taken 1
    %%%%%:  243-block  2
call    7 never executed
branch  8 never executed
branch  9 never executed
        1:  243-block  3
    %%%%%:  243-block  4
        1:  243-block  5
branch 10 taken 1 (fallthrough)
branch 11 taken 0
        1:  243-block  6
call   12 returned 1
    $$$$$:  243-block  7
branch 13 never executed
branch 14 never executed
    $$$$$:  243-block  8
call   15 never executed
    $$$$$:  243-block  9
        -:  244:
        -:  245:    // Add another tutorial
        1:  246:    service.addTutorialServ("Title 2", "Presenter 2", "20:00", 0, "www.link2.com");
        1:  246-block  0
call    0 returned 1
call    1 returned 1
branch  2 taken 1 (fallthrough)
branch  3 taken 0 (throw)
        1:  246-block  1
call    4 returned 1
call    5 returned 1
branch  6 taken 1 (fallthrough)
branch  7 taken 0 (throw)
        1:  246-block  2
call    8 returned 1
call    9 returned 1
branch 10 taken 1 (fallthrough)
branch 11 taken 0 (throw)
        1:  246-block  3
call   12 returned 1
call   13 returned 1
branch 14 taken 1 (fallthrough)
branch 15 taken 0 (throw)
        1:  246-block  4
call   16 returned 1
branch 17 taken 1 (fallthrough)
branch 18 taken 0 (throw)
        1:  246-block  5
call   19 returned 1
call   20 returned 1
call   21 returned 1
call   22 returned 1
call   23 returned 1
call   24 returned 1
call   25 returned 1
call   26 returned 1
    $$$$$:  246-block  6
call   27 never executed
    $$$$$:  246-block  7
    $$$$$:  246-block  8
call   28 never executed
    $$$$$:  246-block  9
    $$$$$:  246-block 10
call   29 never executed
    $$$$$:  246-block 11
    $$$$$:  246-block 12
call   30 never executed
    $$$$$:  246-block 13
    $$$$$:  246-block 14
call   31 never executed
    $$$$$:  246-block 15
    $$$$$:  246-block 16
call   32 never executed
    $$$$$:  246-block 17
    $$$$$:  246-block 18
call   33 never executed
    $$$$$:  246-block 19
    $$$$$:  246-block 20
call   34 never executed
    $$$$$:  246-block 21
        -:  247:
        -:  248:    // Test getTutorialsList again
        1:  249:    tutorials = service.getTutorialsList();
call    0 returned 1
branch  1 taken 1 (fallthrough)
branch  2 taken 0 (throw)
        1:  249-block  0
call    3 returned 1
call    4 returned 1
       1*:  250:    assert(tutorials.size() == 2);
call    0 returned 1
branch  1 taken 0 (fallthrough)
branch  2 taken 1
    %%%%%:  250-block  0
call    3 never executed
branch  4 never executed
branch  5 never executed
        1:  250-block  1
    %%%%%:  250-block  2
        -:  251:
        -:  252:    // Test removeTutorialServ
        1:  253:    service.removeTutorialServ("Title 1");
        1:  253-block  0
call    0 returned 1
call    1 returned 1
branch  2 taken 1 (fallthrough)
branch  3 taken 0 (throw)
        1:  253-block  1
call    4 returned 1
branch  5 taken 1 (fallthrough)
branch  6 taken 0 (throw)
        1:  253-block  2
call    7 returned 1
call    8 returned 1
    $$$$$:  253-block  3
call    9 never executed
    $$$$$:  253-block  4
    $$$$$:  253-block  5
call   10 never executed
    $$$$$:  253-block  6
        1:  254:    tutorials = service.getTutorialsList();
call    0 returned 1
branch  1 taken 1 (fallthrough)
branch  2 taken 0 (throw)
        1:  254-block  0
call    3 returned 1
call    4 returned 1
       1*:  255:    assert(tutorials.size() == 1);
call    0 returned 1
branch  1 taken 0 (fallthrough)
branch  2 taken 1
    %%%%%:  255-block  0
call    3 never executed
branch  4 never executed
branch  5 never executed
        1:  255-block  1
    %%%%%:  255-block  2
       1*:  256:    assert(tutorials[0].getTitle() == "Title 2");
        1:  256-block  0
call    0 returned 1
call    1 returned 1
branch  2 taken 1 (fallthrough)
branch  3 taken 0 (throw)
        1:  256-block  1
call    4 returned 1
branch  5 taken 0 (fallthrough)
branch  6 taken 1
    %%%%%:  256-block  2
call    7 never executed
branch  8 never executed
branch  9 never executed
        1:  256-block  3
    %%%%%:  256-block  4
        1:  256-block  5
branch 10 taken 1 (fallthrough)
branch 11 taken 0
        1:  256-block  6
call   12 returned 1
    $$$$$:  256-block  7
branch 13 never executed
[...]
branch  3 taken 0 (throw)
        1:  264-block  1
branch  4 taken 0 (fallthrough)
branch  5 taken 1
    %%%%%:  264-block  2
call    6 never executed
branch  7 never executed
branch  8 never executed
        1:  264-block  3
    %%%%%:  264-block  4
       1*:  265:    assert(tutorials[0].getLink() == "www.link3.com");
        1:  265-block  0
call    0 returned 1
call    1 returned 1
branch  2 taken 1 (fallthrough)
branch  3 taken 0 (throw)
        1:  265-block  1
call    4 returned 1
branch  5 taken 0 (fallthrough)
branch  6 taken 1
    %%%%%:  265-block  2
call    7 never executed
branch  8 never executed
branch  9 never executed
        1:  265-block  3
    %%%%%:  265-block  4
        1:  265-block  5
branch 10 taken 1 (fallthrough)
branch 11 taken 0
        1:  265-block  6
call   12 returned 1
    $$$$$:  265-block  7
branch 13 never executed
branch 14 never executed
    $$$$$:  265-block  8
call   15 never executed
    $$$$$:  265-block  9
        -:  266:
        -:  267:    // Test RepoError
        -:  268:    try {
       9*:  269:        service.addTutorialServ("Title 2", "Presenter 2", "20:00", 0, "www.link2.com");
        1:  269-block  0
call    0 returned 1
call    1 returned 1
branch  2 taken 1 (fallthrough)
branch  3 taken 0 (throw)
        1:  269-block  1
call    4 returned 1
call    5 returned 1
branch  6 taken 1 (fallthrough)
branch  7 taken 0 (throw)
        1:  269-block  2
call    8 returned 1
call    9 returned 1
branch 10 taken 1 (fallthrough)
branch 11 taken 0 (throw)
        1:  269-block  3
call   12 returned 1
call   13 returned 1
branch 14 taken 1 (fallthrough)
branch 15 taken 0 (throw)
        1:  269-block  4
call   16 returned 1
branch 17 taken 0 (fallthrough)
branch 18 taken 1 (throw)
    %%%%%:  269-block  5
call   19 never executed
call   20 never executed
call   21 never executed
call   22 never executed
call   23 never executed
call   24 never executed
call   25 never executed
call   26 never executed
        1:  269-block  6
call   27 returned 1
        1:  269-block  7
        1:  269-block  8
call   28 returned 1
        1:  269-block  9
        1:  269-block 10
call   29 returned 1
        1:  269-block 11
        1:  269-block 12
call   30 returned 1
        1:  269-block 13
        1:  269-block 14
call   31 returned 1
        1:  269-block 15
        1:  269-block 16
call   32 returned 1
        1:  269-block 17
        1:  269-block 18
call   33 returned 1
        1:  269-block 19
        1:  269-block 20
call   34 returned 1
        1:  269-block 21
    #####:  270:        assert(false);  // Shouldn't get here
call    0 never executed
branch  1 never executed
branch  2 never executed
        -:  271:    }
        1:  272:    catch (RepoError& e) {
        1:  272-block  0
branch  0 taken 0 (fallthrough)
branch  1 taken 1
        1:  272-block  1
call    2 returned 1
        1:  273:        assert(std::string(e.what()) == "This tutorial already exists !");
call    0 returned 1
call    1 returned 1
call    2 returned 1
branch  3 taken 1 (fallthrough)
branch  4 taken 0 (throw)
        1:  273-block  0
call    5 returned 1
branch  6 taken 0 (fallthrough)
branch  7 taken 1
    $$$$$:  273-block  1
call    8 never executed
branch  9 never executed
branch 10 never executed
        1:  273-block  2
    $$$$$:  273-block  3
        1:  273-block  4
branch 11 taken 1 (fallthrough)
branch 12 taken 0
        1:  273-block  5
call   13 returned 1
        1:  273-block  6
branch 14 taken 1 (fallthrough)
branch 15 taken 0
        1:  273-block  7
call   16 returned 1
    $$$$$:  273-block  8
branch 17 never executed
branch 18 never executed
    $$$$$:  273-block  9
call   19 never executed
    $$$$$:  273-block 10
    $$$$$:  273-block 11
branch 20 never executed
branch 21 never executed
    $$$$$:  273-block 12
call   22 never executed
    $$$$$:  273-block 13
        1:  274:    }
        1:  274-block  0
call    0 returned 1
branch  1 taken 1 (fallthrough)
branch  2 taken 0 (throw)
    $$$$$:  274-block  1
call    3 never executed
        -:  275:
        -:  276:    try {
       3*:  277:        service.removeTutorialServ("Title 3");
        1:  277-block  0
call    0 returned 1
call    1 returned 1
branch  2 taken 1 (fallthrough)
branch  3 taken 0 (throw)
        1:  277-block  1
call    4 returned 1
branch  5 taken 0 (fallthrough)
branch  6 taken 1 (throw)
    %%%%%:  277-block  2
call    7 never executed
call    8 never executed
        1:  277-block  3
call    9 returned 1
        1:  277-block  4
        1:  277-block  5
call   10 returned 1
        1:  277-block  6
    #####:  278:        assert(false);  // Shouldn't get here
call    0 never executed
branch  1 never executed
branch  2 never executed
        -:  279:    }
        1:  280:    catch (RepoError& e) {
        1:  280-block  0
branch  0 taken 0 (fallthrough)
branch  1 taken 1
        1:  280-block  1
call    2 returned 1
        1:  281:        assert(std::string(e.what()) == "Tutorial does not exist !");
call    0 returned 1
call    1 returned 1
call    2 returned 1
branch  3 taken 1 (fallthrough)
branch  4 taken 0 (throw)
        1:  281-block  0
call    5 returned 1
branch  6 taken 0 (fallthrough)
branch  7 taken 1
    $$$$$:  281-block  1
call    8 never executed
branch  9 never executed
branch 10 never executed
        1:  281-block  2
    $$$$$:  281-block  3
        1:  281-block  4
branch 11 taken 1 (fallthrough)
branch 12 taken 0
        1:  281-block  5
call   13 returned 1
        1:  281-block  6
branch 14 taken 1 (fallthrough)
branch 15 taken 0
        1:  281-block  7
call   16 returned 1
    $$$$$:  281-block  8
branch 17 never executed
branch 18 never executed
    $$$$$:  281-block  9
call   19 never executed
    $$$$$:  281-block 10
    $$$$$:  281-block 11
branch 20 never executed
branch 21 never executed
    $$$$$:  281-block 12
call   22 never executed
    $$$$$:  281-block 13
        1:  282:    }
        1:  282-block  0
call    0 returned 1
branch  1 taken 1 (fallthrough)
branch  2 taken 0 (throw)
    $$$$$:  282-block  1
call    3 never executed
        -:  283:
        -:  284:    try {
       9*:  285:        service.updateTutorialServ("Title 3", "Presenter 3", "30:00", 1, "www.link3.com");
        1:  285-block  0
call    0 returned 1
call    1 returned 1
branch  2 taken 1 (fallthrough)
branch  3 taken 0 (throw)
        1:  285-block  1
call    4 returned 1
call    5 returned 1
branch  6 taken 1 (fallthrough)
branch  7 taken 0 (throw)
        1:  285-block  2
call    8 returned 1
call    9 returned 1
branch 10 taken 1 (fallthrough)
branch 11 taken 0 (throw)
        1:  285-block  3
call   12 returned 1
call   13 returned 1
branch 14 taken 1 (fallthrough)
branch 15 taken 0 (throw)
        1:  285-block  4
call   16 returned 1
branch 17 taken 0 (fallthrough)
branch 18 taken 1 (throw)
    %%%%%:  285-block  5
call   19 never executed
call   20 never executed
call   21 never executed
call   22 never executed
call   23 never executed
call   24 never executed
call   25 never executed
call   26 never executed
        1:  285-block  6
call   27 returned 1
        1:  285-block  7
        1:  285-block  8
call   28 returned 1
        1:  285-block  9
        1:  285-block 10
call   29 returned 1
        1:  285-block 11
        1:  285-block 12
call   30 returned 1
        1:  285-block 13
        1:  285-block 14
call   31 returned 1
        1:  285-block 15
        1:  285-block 16
call   32 returned 1
        1:  285-block 17
        1:  285-block 18
call   33 returned 1
        1:  285-block 19
        1:  285-block 20
call   34 returned 1
        1:  285-block 21
    #####:  286:        assert(false);  // Shouldn't get here
call    0 never executed
branch  1 never executed
branch  2 never executed
        -:  287:    }
        1:  288:    catch (RepoError& e) {
        1:  288-block  0
branch  0 taken 0 (fallthrough)
branch  1 taken 1
        1:  288-block  1
call    2 returned 1
        1:  289:        assert(std::string(e.what()) == "Tutorial does not exist !");
call    0 returned 1
call    1 returned 1
call    2 returned 1
branch  3 taken 1 (fallthrough)
branch  4 taken 0 (throw)
        1:  289-block  0
call    5 returned 1
branch  6 taken 0 (fallthrough)
branch  7 taken 1
    $$$$$:  289-block  1
call    8 never executed
branch  9 never executed
branch 10 never executed
        1:  289-block  2
    $$$$$:  289-block  3
        1:  289-block  4
branch 11 taken 1 (fallthrough)
branch 12 taken 0
        1:  289-block  5
call   13 returned 1
        1:  289-block  6
branch 14 taken 1 (fallthrough)
branch 15 taken 0
        1:  289-block  7
call   16 returned 1
    $$$$$:  289-block  8
branch 17 never executed
branch 18 never executed
    $$$$$:  289-block  9
call   19 never executed
    $$$$$:  289-block 10
    $$$$$:  289-block 11
branch 20 never executed
branch 21 never executed
    $$$$$:  289-block 12
call   22 never executed
    $$$$$:  289-block 13
        1:  290:    }
        1:  290-block  0
call    0 returned 1
branch  1 taken 1 (fallthrough)
branch  2 taken 0 (throw)
    $$$$$:  290-block  1
call    3 never executed
        1:  291:}
        1:  291-block  0
call    0 returned 1
call    1 returned 1
call    2 returned 1
    $$$$$:  291-block  1
call    3 never executed
    $$$$$:  291-block  2
call    4 never executed
    $$$$$:  291-block  3
call    5 never executed
function _Z15testUserServicev called 1 returned 100% blocks executed 57%
        1:  292:void testUserService(){
        2:  293:    UserRepository repo("user_test.txt");
        1:  293-block  0
call    0 returned 1
call    1 returned 1
branch  2 taken 1 (fallthrough)
branch  3 taken 0 (throw)
        1:  293-block  1
call    4 returned 1
branch  5 taken 1 (fallthrough)
branch  6 taken 0 (throw)
call    7 returned 1
    $$$$$:  293-block  2
    $$$$$:  293-block  3
        1:  294:    UserService service(repo);
call    0 returned 1
branch  1 taken 1 (fallthrough)
branch  2 taken 0 (throw)
        -:  295:
        -:  296:    // Test adding a tutorial to the watchlist
        1:  297:    service.add("title1", "presenter1", "duration1", 10, "link1");
        1:  297-block  0
call    0 returned 1
call    1 returned 1
branch  2 taken 1 (fallthrough)
branch  3 taken 0 (throw)
        1:  297-block  1
call    4 returned 1
call    5 returned 1
branch  6 taken 1 (fallthrough)
branch  7 taken 0 (throw)
        1:  297-block  2
call    8 returned 1
call    9 returned 1
branch 10 taken 1 (fallthrough)
branch 11 taken 0 (throw)
        1:  297-block  3
call   12 returned 1
call   13 returned 1
branch 14 taken 1 (fallthrough)
branch 15 taken 0 (throw)
        1:  297-block  4
call   16 returned 1
branch 17 taken 1 (fallthrough)
branch 18 taken 0 (throw)
        1:  297-block  5
call   19 returned 1
call   20 returned 1
call   21 returned 1
call   22 returned 1
call   23 returned 1
call   24 returned 1
call   25 returned 1
call   26 returned 1
    $$$$$:  297-block  6
call   27 never executed
    $$$$$:  297-block  7
    $$$$$:  297-block  8
call   28 never executed
    $$$$$:  297-block  9
    $$$$$:  297-block 10
call   29 never executed
    $$$$$:  297-block 11
    $$$$$:  297-block 12
call   30 never executed
    $$$$$:  297-block 13
    $$$$$:  297-block 14
call   31 never executed
    $$$$$:  297-block 15
    $$$$$:  297-block 16
call   32 never executed
    $$$$$:  297-block 17
    $$$$$:  297-block 18
call   33 never executed
    $$$$$:  297-block 19
    $$$$$:  297-block 20
call   34 never executed
    $$$$$:  297-block 21
       1*:  298:    assert(service.getWatchList().size() == 1);
call    0 returned 1
branch  1 taken 1 (fallthrough)
branch  2 taken 0 (throw)
        1:  298-block  0
call    3 returned 1
branch  4 taken 0 (fallthrough)
branch  5 taken 1
    %%%%%:  298-block  1
call    6 never executed
branch  7 never executed
branch  8 never executed
        1:  298-block  2
    %%%%%:  298-block  3
        1:  298-block  4
branch  9 taken 1 (fallthrough)
branch 10 taken 0
        1:  298-block  5
call   11 returned 1
    $$$$$:  298-block  6
branch 12 never executed
branch 13 never executed
    $$$$$:  298-block  7
call   14 never executed
    $$$$$:  298-block  8
       1*:  299:    assert(service.getWatchList()[0].getTitle() == "title1");
        1:  299-block  0
call    0 returned 1
branch  1 taken 1 (fallthrough)
branch  2 taken 0 (throw)
        1:  299-block  1
call    3 returned 1
call    4 returned 1
branch  5 taken 1 (fallthrough)
branch  6 taken 0 (throw)
        1:  299-block  2
call    7 returned 1
branch  8 taken 0 (fallthrough)
branch  9 taken 1
    %%%%%:  299-block  3
call   10 never executed
branch 11 never executed
branch 12 never executed
        1:  299-block  4
    %%%%%:  299-block  5
        1:  299-block  6
branch 13 taken 1 (fallthrough)
branch 14 taken 0
        1:  299-block  7
call   15 returned 1
        1:  299-block  8
branch 16 taken 1 (fallthrough)
branch 17 taken 0
        1:  299-block  9
call   18 returned 1
    $$$$$:  299-block 10
branch 19 never executed
branch 20 never executed
    $$$$$:  299-block 11
call   21 never executed
    $$$$$:  299-block 12
    $$$$$:  299-block 13
branch 22 never executed
branch 23 never executed
    $$$$$:  299-block 14
call   24 never executed
    $$$$$:  299-block 15
        -:  300:
        -:  301:    // Test adding a tutorial with the same title to the watchlist (should throw RepoError)
        -:  302:    try {
       9*:  303:        service.add("title1", "presenter2", "duration2", 20, "link2");
        1:  303-block  0
call    0 returned 1
call    1 returned 1
branch  2 taken 1 (fallthrough)
branch  3 taken 0 (throw)
        1:  303-block  1
call    4 returned 1
call    5 returned 1
branch  6 taken 1 (fallthrough)
branch  7 taken 0 (throw)
        1:  303-block  2
call    8 returned 1
call    9 returned 1
branch 10 taken 1 (fallthrough)
branch 11 taken 0 (throw)
        1:  303-block  3
call   12 returned 1
call   13 returned 1
branch 14 taken 1 (fallthrough)
branch 15 taken 0 (throw)
        1:  303-block  4
call   16 returned 1
branch 17 taken 0 (fallthrough)
branch 18 taken 1 (throw)
    %%%%%:  303-block  5
call   19 never executed
call   20 never executed
call   21 never executed
call   22 never executed
call   23 never executed
call   24 never executed
call   25 never executed
call   26 never executed
        1:  303-block  6
call   27 returned 1
        1:  303-block  7
        1:  303-block  8
call   28 returned 1
        1:  303-block  9
        1:  303-block 10
call   29 returned 1
        1:  303-block 11
        1:  303-block 12
call   30 returned 1
        1:  303-block 13
        1:  303-block 14
call   31 returned 1
        1:  303-block 15
        1:  303-block 16
call   32 returned 1
        1:  303-block 17
        1:  303-block 18
call   33 returned 1
        1:  303-block 19
        1:  303-block 20
call   34 returned 1
        1:  303-block 21
        -:  304:    }
        1:  305:    catch (RepoError& e) {
        1:  305-block  0
branch  0 taken 0 (fallthrough)
branch  1 taken 1
        1:  305-block  1
call    2 returned 1
        -:  306:        assert(true); // RepoError should be thrown
        1:  307:    }
call    0 returned 1
branch  1 taken 1 (fallthrough)
branch  2 taken 0 (throw)
       1*:  308:    assert(service.getWatchList().size() == 1);
        1:  308-block  0
call    0 returned 1
branch  1 taken 1 (fallthrough)
branch  2 taken 0 (throw)
        1:  308-block  1
call    3 returned 1
branch  4 taken 0 (fallthrough)
branch  5 taken 1
    %%%%%:  308-block  2
call    6 never executed
branch  7 never executed
branch  8 never executed
        1:  308-block  3
    %%%%%:  308-block  4
        1:  308-block  5
branch  9 taken 1 (fallthrough)
branch 10 taken 0
        1:  308-block  6
call   11 returned 1
    $$$$$:  308-block  7
branch 12 never executed
branch 13 never executed
    $$$$$:  308-block  8
call   14 never executed
    $$$$$:  308-block  9
       1*:  309:    assert(service.getWatchList()[0].getPresenter() == "presenter1"); // Check that the original tutorial is still in the watchlist
        1:  309-block  0
call    0 returned 1
branch  1 taken 1 (fallthrough)
branch  2 taken 0 (throw)
        1:  309-block  1
call    3 returned 1
call    4 returned 1
branch  5 taken 1 (fallthrough)
branch  6 taken 0 (throw)
        1:  309-block  2
call    7 returned 1
branch  8 taken 0 (fallthrough)
branch  9 taken 1
    %%%%%:  309-block  3
call   10 never executed
branch 11 never executed
branch 12 never executed
        1:  309-block  4
    %%%%%:  309-block  5
        1:  309-block  6
branch 13 taken 1 (fallthrough)
branch 14 taken 0
        1:  309-block  7
call   15 returned 1
        1:  309-block  8
branch 16 taken 1 (fallthrough)
branch 17 taken 0
        1:  309-block  9
call   18 returned 1
    $$$$$:  309-block 10
branch 19 never executed
branch 20 never executed
    $$$$$:  309-block 11
call   21 never executed
    $$$$$:  309-block 12
    $$$$$:  309-block 13
branch 22 never executed
branch 23 never executed
    $$$$$:  309-block 14
call   24 never executed
    $$$$$:  309-block 15
        -:  310:
        -:  311:    // Test removing a tutorial from the watchlist
        1:  312:    service.remove("title1");
        1:  312-block  0
call    0 returned 1
call    1 returned 1
branch  2 taken 1 (fallthrough)
branch  3 taken 0 (throw)
        1:  312-block  1
call    4 returned 1
branch  5 taken 1 (fallthrough)
branch  6 taken 0 (throw)
        1:  312-block  2
call    7 returned 1
call    8 returned 1
    $$$$$:  312-block  3
call    9 never executed
    $$$$$:  312-block  4
    $$$$$:  312-block  5
call   10 never executed
    $$$$$:  312-block  6
       1*:  313:    assert(service.getWatchList().size() == 0);
call    0 returned 1
branch  1 taken 1 (fallthrough)
branch  2 taken 0 (throw)
        1:  313-block  0
call    3 returned 1
branch  4 taken 0 (fallthrough)
branch  5 taken 1
    %%%%%:  313-block  1
call    6 never executed
branch  7 never executed
branch  8 never executed
        1:  313-block  2
    %%%%%:  313-block  3
        1:  313-block  4
branch  9 taken 1 (fallthrough)
branch 10 taken 0
        1:  313-block  5
call   11 returned 1
    $$$$$:  313-block  6
branch 12 never executed
branch 13 never executed
    $$$$$:  313-block  7
call   14 never executed
    $$$$$:  313-block  8
        -:  314:
        -:  315:    // Test removing a tutorial that does not exist from the watchlist (should throw RepoError)
        -:  316:    try {
       3*:  317:        service.remove("title1");
        1:  317-block  0
call    0 returned 1
call    1 returned 1
branch  2 taken 1 (fallthrough)
branch  3 taken 0 (throw)
        1:  317-block  1
call    4 returned 1
branch  5 taken 0 (fallthrough)
branch  6 taken 1 (throw)
    %%%%%:  317-block  2
call    7 never executed
call    8 never executed
        1:  317-block  3
call    9 returned 1
        1:  317-block  4
        1:  317-block  5
call   10 returned 1
        1:  317-block  6
        -:  318:    }
        1:  319:    catch (RepoError& e) {
        1:  319-block  0
branch  0 taken 0 (fallthrough)
branch  1 taken 1
        1:  319-block  1
call    2 returned 1
        -:  320:        assert(true); // RepoError should be thrown
        1:  321:    }
call    0 returned 1
branch  1 taken 1 (fallthrough)
branch  2 taken 0 (throw)
        1:  322:}
        1:  322-block  0
call    0 returned 1
    $$$$$:  322-block  1
call    1 never executed
function _Z11runAllTestsv called 1 returned 100% blocks executed 100%
        1:  323:void runAllTests(){
        1:  324:    testDomain();
        1:  324-block  0
call    0 returned 1
        1:  325:    testDynamicArray();
call    0 returned 1
        1:  326:    testRepo();
call    0 returned 1
        1:  327:    testUserRepo();
call    0 returned 1
        1:  328:    testService();
call    0 returned 1
        1:  329:    testUserService();
call    0 returned 1
        1:  330:}
